shot  ray i.angle  f.angle   dist     depth red.time  npts code
  -1   1    2.250   -2.250    9.013    0.00  41.123   157   1.2
  -1   2    5.276   -5.276   52.589    0.00  17.572    67   1.2
  -1   3    8.302   -8.302   64.437    0.00  11.207    44   1.2
  -1   4   11.328  -11.328   69.984    0.00   8.255    33   1.2
  -1   5   14.353  -14.353   73.214    0.00   6.558    26   1.2
  -1   6   17.379  -17.379   75.339    0.00   5.461    22   1.2
  -1   7   20.405  -20.405   76.849    0.00   4.697    19   1.2
  -1   8   23.431  -23.431   77.984    0.00   4.137    17   1.2
  -1   9   26.457  -26.457   78.872    0.00   3.711    14   1.2
  -1  10   29.483  -29.483   79.589    0.00   3.378    12   1.2
  -1  11   32.509  -32.509   80.184    0.00   3.112    11   1.2
  -1  12   35.534  -35.534   80.688    0.00   2.897    10   1.2
  -1  13   38.560  -38.560   81.122    0.00   2.720     9   1.2
  -1  14   41.586  -41.586   81.502    0.00   2.573     8   1.2
  -1  15   44.612  -44.612   81.839    0.00   2.451     8   1.2
  -1  16   47.638  -47.638   82.143    0.00   2.349     7   1.2
  -1  17   50.664  -50.664   82.418    0.00   2.263     7   1.2
  -1  18   53.690  -53.690   82.670    0.00   2.192     6   1.2
  -1  19   56.716  -56.716   82.904    0.00   2.132     6   1.2
  -1  20   59.741  -59.741   83.122    0.00   2.083     5   1.2
  -1  21   62.767  -62.767   83.326    0.00   2.043     5   1.2
  -1  22   65.793  -65.793   83.520    0.00   2.011     4   1.2
  -1  23   68.819  -68.819   83.705    0.00   1.986     4   1.2
  -1  24   71.845  -71.845   83.883    0.00   1.969     4   1.2
  -1  25   74.871  -74.871   84.054    0.00   1.957     4   1.2
  -1  26   77.897  -77.897   84.221    0.00   1.952     4   1.2
  -1  27   80.922  -80.922   84.384    0.00   1.952     4   1.2
  -1  28   83.948  -83.948   84.544   -0.00   1.958     4   1.2
  -1  29   86.974  -86.974   84.702    0.00   1.970     4   1.2
  -1  30   90.000  -90.000   84.860    0.00   1.987     4   1.2
  -1   1   78.583   -3.046    0.000   23.91   2.589    37   7.2
  -1   2   78.597   -6.071    0.000   23.43   2.595    36   7.2
  -1   3   78.637  -11.060    0.000   21.72   2.631    37   7.2
  -1   4   78.705  -15.528    0.000   19.29   2.708    36   7.2
  -1   5   78.800  -21.435    0.000   15.23   2.888    36   7.2
  -1   6   78.922  -26.341    0.000   11.40   3.109    36   7.2
  -1   7   79.072  -46.620    0.000    5.86   3.585    43   7.2
  -1   8   79.248  -81.501    5.470    0.00   6.211    59   7.2
  -1   9   79.452  -78.712   11.911    0.00   6.217    58   7.2
  -1  10   79.683  -79.207   18.054    0.00   6.195    57   7.2
  -1  11   79.940  -79.720   23.524    0.00   6.214    53   7.2
  -1  12   80.226  -79.986   28.430    0.00   6.241    55   7.2
  -1  13   80.538  -79.714   33.115    0.00   6.305    55   7.2
  -1  14   80.877  -79.485   36.475    0.00   6.334    57   7.2
  -1  15   81.244  -80.144   40.575    0.00   6.323    52   7.2
  -1  16   81.637  -80.357   44.089    0.00   6.372    52   7.2
  -1  17   82.058  -83.009   47.853    0.00   6.443    51   7.2
  -1  18   82.506  -87.069   51.606    0.00   6.752    50   7.2
  -1  19   82.981  -84.059   54.581    0.00   6.963    49   7.2
  -1  20   83.484  -84.053   57.595    0.00   7.129    47   7.2
  -1  21   84.013  -84.920   60.540    0.00   7.315    47   7.2
  -1  22   84.570  -85.106   63.329    0.00   7.507    46   7.2
  -1  23   85.154  -86.223   66.091    0.00   7.711    44   7.2
  -1  24   85.764  -86.564   68.766    0.00   7.928    44   7.2
  -1  25   86.402  -87.135   71.385    0.00   8.157    44   7.2
  -1  26   87.068  -88.205   74.014    0.00   8.409    44   7.2
  -1  27   87.760  -89.184   78.133    0.00   8.851    44   7.2
  -1  28   88.480   89.384   80.750    0.00   9.172    41   7.2
  -1  29   89.226   88.945   83.033    0.00   9.480    41   7.2
  -1  30   90.000   88.951   88.265    0.00   9.319    41   7.2
  -1   1   69.690  -70.310   80.909    0.00   3.391    22   4.1
  -1   2   69.922  -71.333   79.330   -0.00   3.535    29   4.1
  -1   3   70.154  -70.800   78.384    0.00   3.619    30   4.1
  -1   4   70.385  -71.478   77.727    0.00   3.680    31   4.1
  -1   5   70.617  -71.208   77.112    0.00   3.734    32   4.1
  -1   6   70.849  -71.835   76.609    0.00   3.777    34   4.1
  -1   7   71.081  -71.771   76.105   -0.00   3.820    36   4.1
  -1   8   71.313  -72.330   75.661    0.00   3.855    38   4.1
  -1   9   71.545  -72.145   75.160   -0.00   3.895    42   4.1
  -1  10   71.776  -72.344   74.772   -0.00   3.925    41   4.1
  -1  11   72.008  -72.134   74.491    0.00   3.947    42   4.1
  -1  12   72.240  -72.494   74.103    0.00   3.977    43   4.1
  -1  13   72.472  -73.144   73.735    0.00   4.003    44   4.1
  -1  14   72.704  -73.736   73.367    0.00   4.026    46   4.1
  -1  15   72.936  -73.961   72.981    0.00   4.050    44   4.1
  -1  16   73.168  -73.763   72.555   -0.00   4.075    47   4.1
  -1  17   73.399  -73.861   72.189    0.00   4.097    47   4.1
  -1  18   73.631  -74.310   71.821    0.00   4.118    48   4.1
  -1  19   73.863  -74.388   71.433    0.00   4.140    51   4.1
  -1  20   74.095  -74.482   71.013    0.00   4.162    50   4.1
  -1  21   74.327  -74.876   70.669    0.00   4.180    49   4.1
  -1  22   74.559  -75.112   70.283    0.00   4.198    51   4.1
  -1  23   74.790  -75.337   69.895    0.00   4.216    52   4.1
  -1  24   75.022  -75.564   69.503    0.00   4.232    52   4.1
  -1  25   75.254  -75.432   69.087    0.00   4.250    52   4.1
  -1  26   75.486  -76.004   68.704    0.00   4.265    54   4.1
  -1  27   75.718  -76.338   68.300    0.00   4.279    55   4.1
  -1  28   75.950  -76.575   67.885    0.00   4.292    55   4.1
  -1  29   76.182  -76.449   67.447    0.00   4.306    55   4.1
  -1  30   76.413  -77.050   67.039    0.00   4.317    54   4.1
  -1   1   69.690  -70.310   80.909    0.00   3.391    22   4.1
  -1   2   69.922  -71.333   79.330   -0.00   3.535    29   4.1
  -1   3   70.154  -70.800   78.384    0.00   3.619    30   4.1
  -1   4   70.385  -71.478   77.727    0.00   3.680    31   4.1
  -1   5   70.617  -71.208   77.112    0.00   3.734    32   4.1
  -1   6   70.849  -71.835   76.609    0.00   3.777    34   4.1
  -1   7   71.081  -71.771   76.105   -0.00   3.820    36   4.1
  -1   8   71.313  -72.330   75.661    0.00   3.855    38   4.1
  -1   9   71.545  -72.145   75.160   -0.00   3.895    42   4.1
  -1  10   71.776  -72.344   74.772   -0.00   3.925    41   4.1
  -1  11   72.008  -72.134   74.491    0.00   3.947    42   4.1
  -1  12   72.240  -72.494   74.103    0.00   3.977    43   4.1
  -1  13   72.472  -73.144   73.735    0.00   4.003    44   4.1
  -1  14   72.704  -73.736   73.367    0.00   4.026    46   4.1
  -1  15   72.936  -73.961   72.981    0.00   4.050    44   4.1
  -1  16   73.168  -73.763   72.555   -0.00   4.075    47   4.1
  -1  17   73.399  -73.861   72.189    0.00   4.097    47   4.1
  -1  18   73.631  -74.310   71.821    0.00   4.118    48   4.1
  -1  19   73.863  -74.388   71.433    0.00   4.140    51   4.1
  -1  20   74.095  -74.482   71.013    0.00   4.162    50   4.1
  -1  21   74.327  -74.876   70.669    0.00   4.180    49   4.1
  -1  22   74.559  -75.112   70.283    0.00   4.198    51   4.1
  -1  23   74.790  -75.337   69.895    0.00   4.216    52   4.1
  -1  24   75.022  -75.564   69.503    0.00   4.232    52   4.1
  -1  25   75.254  -75.432   69.087    0.00   4.250    52   4.1
  -1  26   75.486  -76.004   68.704    0.00   4.265    54   4.1
  -1  27   75.718  -76.338   68.300    0.00   4.279    55   4.1
  -1  28   75.950  -76.575   67.885    0.00   4.292    55   4.1
  -1  29   76.182  -76.449   67.447    0.00   4.306    55   4.1
  -1  30   76.413  -77.050   67.039    0.00   4.317    54   4.1
  -1   1   76.831  -77.403   69.502    0.00   4.251    47   5.1
  -1   2   76.856  -77.142   65.055    0.00   4.343    49   5.1
  -1   3   76.881  -77.637   62.616    0.00   4.391    51   5.1
  -1   4   76.906  -77.752   60.593    0.00   4.427    52   5.1
  -1   5   76.931  -77.818   58.942    0.00   4.451    53   5.1
  -1   6   76.956  -77.522   57.252    0.00   4.478    55   5.1
  -1   7   76.981  -77.813   55.796    0.00   4.508    55   5.1
  -1   8   77.005  -78.161   54.487    0.00   4.524    55   5.1
  -1   9   77.030  -77.467   56.420    0.00   4.494    56   5.1
  -1  10   77.055  -78.235   54.875    0.00   4.520    55   5.1
  -1  11   77.080  -78.127   53.497    0.00   4.536    56   5.1
  -1  12   77.105  -81.032   52.273    0.00   4.531    59   5.1
  -1  13   77.130  -82.274   51.142    0.00   4.504    59   5.1
  -1  14   77.155  -83.133   49.899    0.00   4.453    61   5.1
  -1  15   77.180  -79.764   48.443    0.00   4.410    61   5.1
  -1  16   77.205  -77.140   47.284    0.00   4.413    59   5.1
  -1  17   77.230  -76.131   46.233    0.00   4.444    63   5.1
  -1  18   77.254  -75.468   45.192    0.00   4.486    63   5.1
  -1  19   77.279  -75.941   44.331    0.00   4.522    63   5.1
  -1  20   77.304  -75.811   43.488    0.00   4.554    65   5.1
  -1  21   77.329  -75.526   42.622    0.00   4.586    62   5.1
  -1  22   77.354  -76.415   41.818    0.00   4.614    62   5.1
  -1  23   77.379  -76.178   41.041    0.00   4.640    62   5.1
  -1  24   77.404  -75.538   40.202    0.00   4.671    63   5.1
  -1  25   77.429  -75.031   39.326    0.00   4.708    64   5.1
  -1  26   77.454  -74.969   38.507    0.00   4.747    64   5.1
  -1  27   77.479  -74.845   37.754    0.00   4.784    65   5.1
  -1  28   77.503  -74.970   37.029    0.00   4.820    62   5.1
  -1  29   77.528  -75.115   36.322    0.00   4.853    64   5.1
  -1  30   77.553  -75.996   35.665    0.00   4.880    64   5.1
  -1   1   77.657  -76.323   43.395    0.00   4.567    60   6.1
  -1   2   77.672  -76.233   35.300    0.00   4.883    62   6.1
  -1   3   77.686  -77.346   31.438    0.00   4.996    63   6.1
  -1   4   77.701  -77.149   28.313    0.00   5.050    62   6.1
  -1   5   77.715  -76.967   25.482    0.00   5.128    62   6.1
  -1   6   77.730  -77.311   22.854    0.00   5.193    61   6.1
  -1   7   77.744  -77.094   21.080   -0.00   5.231    63   6.1
  -1   8   77.758  -76.978   18.748    0.00   5.288    64   6.1
  -1   9   77.773  -76.538   16.293    0.00   5.356    66   6.1
  -1  10   77.787  -77.436   14.527    0.00   5.401    65   6.1
  -1  11   77.802  -76.740   12.538    0.00   5.453    64   6.1
  -1  12   77.816  -76.489   10.772    0.00   5.501    67   6.1
  -1  13   77.831  -76.979    9.368    0.00   5.539    67   6.1
  -1  14   77.845  -77.225    7.873    0.00   5.572    67   6.1
  -1  15   77.860  -78.758    6.426    0.00   5.601    64   6.1
  -1  16   77.874  -79.374    4.957    0.00   5.596    65   6.1
  -1  17   77.889  -79.176    3.494    0.00   5.593    65   6.1
  -1  18   77.903  -77.891    1.886    0.00   5.607    65   6.1
  -1  19   77.918  -78.578    0.567    0.00   5.626    62   6.1
  -1  20   77.932  -65.663    0.000    3.55   3.536    55   6.1
  -1  21   77.947  -45.938    0.000    5.19   3.188    50   6.1
  -1  22   77.961  -35.985    0.000    6.27   3.055    44   6.1
  -1  23   77.976  -26.961    0.000    7.05   2.986    42   6.1
  -1  24   77.990  -23.969    0.000    7.65   2.948    40   6.1
  -1  25   78.004  -22.832    0.000    8.23   2.912    40   6.1
  -1  26   78.019  -21.784    0.000    8.74   2.882    40   6.1
  -1  27   78.033  -20.772    0.000    9.21   2.856    40   6.1
  -1  28   78.048  -19.735    0.000    9.68   2.832    39   6.1
  -1  29   78.062  -18.679    0.000   10.13   2.810    39   6.1
  -1  30   78.077  -17.597    0.000   10.57   2.790    39   6.1
  -1   1   78.085  -13.913    0.000   10.99   2.775    40   7.1
  -1   2   78.098  -11.292    0.000   12.57   2.725    39   7.1
  -1   3   78.112  -10.071    0.000   13.32   2.705    39   7.1
  -1   4   78.125   -9.254    0.000   13.80   2.693    39   7.1
  -1   5   78.139   -8.420    0.000   14.33   2.682    39   7.1
  -1   6   78.152   -7.756    0.000   14.71   2.674    38   7.1
  -1   7   78.166   -7.141    0.000   15.13   2.667    37   7.1
  -1   8   78.179   -6.817    0.000   15.51   2.660    37   7.1
  -1   9   78.193   -6.501    0.000   15.89   2.654    37   7.1
  -1  10   78.206   -6.208    0.000   16.25   2.648    36   7.1
  -1  11   78.220   -5.944    0.000   16.56   2.644    37   7.1
  -1  12   78.233   -5.686    0.000   16.87   2.639    37   7.1
  -1  13   78.247   -5.431    0.000   17.18   2.635    37   7.1
  -1  14   78.261   -5.179    0.000   17.48   2.631    37   7.1
  -1  15   78.274   -4.932    0.000   17.79   2.627    37   7.1
  -1  16   78.288   -4.688    0.000   18.09   2.624    37   7.1
  -1  17   78.301   -4.448    0.000   18.40   2.620    37   7.1
  -1  18   78.315   -4.210    0.000   18.70   2.617    37   7.1
  -1  19   78.328   -3.976    0.000   19.00   2.614    37   7.1
  -1  20   78.342   -3.745    0.000   19.29   2.612    37   7.1
  -1  21   78.355   -3.516    0.000   19.59   2.609    37   7.1
  -1  22   78.369   -3.289    0.000   19.89   2.606    37   7.1
  -1  23   78.382   -3.066    0.000   20.18   2.604    37   7.1
  -1  24   78.396   -2.846    0.000   20.48   2.602    37   7.1
  -1  25   78.409   -2.626    0.000   20.77   2.600    37   7.1
  -1  26   78.423   -2.410    0.000   21.06   2.598    37   7.1
  -1  27   78.436   -2.208    0.000   21.33   2.597    36   7.1
  -1  28   78.450   -2.014    0.000   21.59   2.596    36   7.1
  -1  29   78.463   -1.821    0.000   21.85   2.594    35   7.1
  -1  30   78.477   -1.630    0.000   22.10   2.593    35   7.1
  -1   1   79.506  -25.916    0.000   22.39   2.271    32   8.1
  -1   2   79.507  -25.646    0.000   22.89   2.241    32   8.1
  -1   3   79.507  -25.335    0.000   23.46   2.208    32   8.1
  -1   4   79.507  -25.065    0.000   23.95   2.180    32   8.1
  -1   5   79.507   -2.523    0.000   23.99   2.178    31   8.1
  -1   6   79.507   -2.504    0.000   24.01   2.178    31   8.1
  -1   7   79.507   -2.491    0.000   24.02   2.178    31   8.1
  -1   8   79.507   -2.476    0.000   24.03   2.178    31   8.1
  -1   9   79.507   -2.464    0.000   24.04   2.178    31   8.1
  -1  10   79.507   -2.451    0.000   24.05   2.178    31   8.1
  -1  11   79.507   -2.434    0.000   24.07   2.178    31   8.1
  -1  12   79.507   -2.419    0.000   24.08   2.178    31   8.1
  -1  13   79.507   -2.406    0.000   24.09   2.178    31   8.1
  -1  14   79.507   -2.392    0.000   24.10   2.178    31   8.1
  -1  15   79.507   -2.376    0.000   24.12   2.177    31   8.1
  -1  16   79.507   -2.365    0.000   24.12   2.177    31   8.1
  -1  17   79.507   -2.349    0.000   24.14   2.177    31   8.1
  -1  18   79.507   -2.337    0.000   24.15   2.177    31   8.1
  -1  19   79.507   -2.321    0.000   24.16   2.177    31   8.1
  -1  20   79.507   -2.309    0.000   24.17   2.177    31   8.1
  -1  21   79.508   -2.297    0.000   24.18   2.177    31   8.1
  -1  22   79.508   -2.282    0.000   24.19   2.177    31   8.1
  -1  23   79.508   -2.268    0.000   24.21   2.177    31   8.1
  -1  24   79.508   -2.254    0.000   24.22   2.177    31   8.1
  -1  25   79.508   -2.236    0.000   24.23   2.177    31   8.1
  -1  26   79.508   -2.234    0.000   24.23   2.177    31   8.1
  -1  27   79.508   -2.221    0.000   24.25   2.177    31   8.1
  -1  28   79.508   -2.209    0.000   24.25   2.177    31   8.1
  -1  29   79.508   -2.198    0.000   24.26   2.177    31   8.1
  -1  30   79.508   -2.185    0.000   24.27   2.177    31   8.1
  -1   1   76.446  -77.032   67.354    0.00   4.309    54   4.2
  -1   2   76.614  -77.198   69.970    0.00   4.243    50   4.2
  -1   3   77.116  -77.598   72.077    0.00   4.199    45   4.2
  -1   4   77.952  -77.924   74.436    0.00   4.166    41   4.2
  -1   5   79.124  -79.210   76.470    0.00   4.152    38   4.2
  -1   6   80.630  -81.044   78.284    0.00   4.169    36   4.2
  -1   7   82.470  -83.063   79.960    0.00   4.218    34   4.2
  -1   8   84.646  -85.315   81.535    0.00   4.309    35   4.2
  -1   9   87.155  -86.494   82.990    0.00   4.425    34   4.2
  -1  10   90.000  -89.809   84.945    0.00   4.611    33   4.2
  -1   1   71.307  -69.427   82.054    0.00   4.283    22   4.1
  -1   2   71.536  -71.514   79.856    0.00   4.496    29   4.1
  -1   3   71.764  -71.490   79.284    0.00   4.546    32   4.1
  -1   4   71.993  -71.364   78.523    0.00   4.611    32   4.1
  -1   5   72.221  -71.147   77.880    0.00   4.670    34   4.1
  -1   6   72.450  -71.395   77.337    0.00   4.716    34   4.1
  -1   7   72.679  -71.986   76.851    0.00   4.758    37   4.1
  -1   8   72.907  -71.934   76.368    0.00   4.797    38   4.1
  -1   9   73.136  -72.527   75.932    0.00   4.831    41   4.1
  -1  10   73.365  -72.345   75.450   -0.00   4.868    41   4.1
  -1  11   73.593  -72.528   75.033    0.00   4.899    42   4.1
  -1  12   73.822  -72.484   74.428    0.00   4.945    46   4.1
  -1  13   74.050  -72.681   74.208   -0.00   4.961    45   4.1
  -1  14   74.279  -73.398   73.843    0.00   4.986    45   4.1
  -1  15   74.508  -73.986   73.467   -0.00   5.009    45   4.1
  -1  16   74.736  -74.217   73.075    0.00   5.032    45   4.1
  -1  17   74.965  -74.043   72.663    0.00   5.055    48   4.1
  -1  18   75.193  -74.126   72.262   -0.00   5.078    49   4.1
  -1  19   75.422  -74.568   71.883    0.00   5.099    50   4.1
  -1  20   75.651  -74.649   71.484    0.00   5.119    50   4.1
  -1  21   75.879  -74.722   71.076    0.00   5.140    52   4.1
  -1  22   76.108  -75.137   70.697    0.00   5.158    52   4.1
  -1  23   76.337  -75.373   70.296    0.00   5.176    52   4.1
  -1  24   76.565  -75.599   69.893    0.00   5.193    52   4.1
  -1  25   76.794  -75.829   69.485    0.00   5.209    54   4.1
  -1  26   77.022  -75.689   69.054    0.00   5.226    53   4.1
  -1  27   77.251  -76.289   68.656    0.00   5.241    55   4.1
  -1  28   77.480  -76.603   68.236    0.00   5.254    55   4.1
  -1  29   77.708  -76.503   67.786    0.00   5.267    55   4.1
  -1  30   77.937  -77.022   67.362    0.00   5.279    56   4.1
  -1   1   78.409  -77.473   68.216    0.00   5.247    50   5.1
  -1   2   78.431  -77.271   63.251    0.00   5.346    52   5.1
  -1   3   78.452  -77.711   60.964    0.00   5.389    55   5.1
  -1   4   78.473  -77.865   59.316    0.00   5.413    55   5.1
  -1   5   78.495  -77.878   57.672    0.00   5.439    55   5.1
  -1   6   78.516  -77.131   56.260    0.00   5.466    56   5.1
  -1   7   78.538  -78.244   54.957    0.00   5.487    56   5.1
  -1   8   78.559  -78.126   53.782    0.00   5.500    57   5.1
  -1   9   78.580  -80.564   52.704    0.00   5.507    59   5.1
  -1  10   78.602  -81.146   51.651    0.00   5.485    61   5.1
  -1  11   78.623  -82.441   50.674    0.00   5.453    60   5.1
  -1  12   78.645  -82.469   49.533    0.00   5.404    60   5.1
  -1  13   78.666  -79.884   48.282    0.00   5.376    63   5.1
  -1  14   78.687  -77.079   47.191    0.00   5.382    63   5.1
  -1  15   78.709  -76.217   46.287    0.00   5.409    63   5.1
  -1  16   78.730  -75.318   45.385    0.00   5.444    63   5.1
  -1  17   78.752  -75.591   44.608    0.00   5.477    64   5.1
  -1  18   78.773  -75.731   43.901    0.00   5.504    62   5.1
  -1  19   78.794  -76.228   43.206    0.00   5.530    62   5.1
  -1  20   78.816  -75.553   42.443    0.00   5.559    64   5.1
  -1  21   78.837  -76.358   41.774    0.00   5.582    62   5.1
  -1  22   78.859  -76.210   41.113    0.00   5.604    63   5.1
  -1  23   78.880  -76.077   40.420    0.00   5.628    63   5.1
  -1  24   78.901  -75.493   39.695    0.00   5.658    63   5.1
  -1  25   78.923  -75.058   38.939    0.00   5.692    62   5.1
  -1  26   78.944  -74.636   38.263    0.00   5.724    64   5.1
  -1  27   78.966  -74.886   37.634    0.00   5.756    64   5.1
  -1  28   78.987  -74.985   36.986    0.00   5.788    63   5.1
  -1  29   79.008  -75.124   36.332    0.00   5.818    65   5.1
  -1  30   79.030  -75.896   35.725    0.00   5.843    64   5.1
  -1   1   79.122  -76.285   43.423    0.00   5.531    60   6.1
  -1   2   79.136  -76.210   35.331    0.00   5.847    63   6.1
  -1   3   79.150  -77.125   31.531    0.00   5.959    61   6.1
  -1   4   79.164  -77.197   28.425    0.00   6.012    63   6.1
  -1   5   79.178  -76.955   25.632    0.00   6.089    60   6.1
  -1   6   79.192  -76.808   22.974    0.00   6.154    63   6.1
  -1   7   79.206  -76.978   21.257    0.00   6.192    63   6.1
  -1   8   79.220  -76.620   18.944    0.00   6.247    65   6.1
  -1   9   79.235  -76.926   16.522    0.00   6.314    66   6.1
  -1  10   79.249  -77.208   14.982    0.00   6.356    65   6.1
  -1  11   79.263  -76.742   13.272    0.00   6.397    65   6.1
  -1  12   79.277  -76.930   11.513    0.00   6.447    63   6.1
  -1  13   79.291  -76.959   10.042    0.00   6.486    65   6.1
  -1  14   79.305  -77.406    8.641    0.00   6.520    65   6.1
  -1  15   79.319  -77.445    7.128    0.00   6.553    64   6.1
  -1  16   79.333  -79.374    5.693    0.00   6.566    64   6.1
  -1  17   79.347  -79.729    4.351    0.00   6.559    66   6.1
  -1  18   79.361  -78.454    2.804    0.00   6.562    64   6.1
  -1  19   79.375  -77.721    1.275    0.00   6.582    65   6.1
  -1  20   79.389  -77.730    0.000    0.80   6.075    64   6.1
  -1  21   79.403  -51.174    0.000    4.55   4.256    55   6.1
  -1  22   79.417  -40.154    0.000    5.85   4.066    48   6.1
  -1  23   79.431  -30.414    0.000    6.77   3.972    44   6.1
  -1  24   79.446  -24.398    0.000    7.44   3.925    41   6.1
  -1  25   79.460  -23.221    0.000    8.06   3.886    41   6.1
  -1  26   79.474  -22.089    0.000    8.62   3.853    41   6.1
  -1  27   79.488  -21.083    0.000    9.09   3.827    40   6.1
  -1  28   79.502  -20.074    0.000    9.55   3.802    40   6.1
  -1  29   79.516  -19.044    0.000   10.00   3.780    39   6.1
  -1  30   79.530  -17.992    0.000   10.44   3.759    39   6.1
  -1   1   79.538  -14.137    0.000   10.85   3.743    39   7.1
  -1   2   79.551  -11.563    0.000   12.42   3.693    38   7.1
  -1   3   79.565  -10.325    0.000   13.19   3.672    38   7.1
  -1   4   79.578   -9.560    0.000   13.63   3.661    37   7.1
  -1   5   79.592   -8.748    0.000   14.14   3.649    37   7.1
  -1   6   79.605   -8.042    0.000   14.57   3.640    37   7.1
  -1   7   79.619   -7.364    0.000   14.99   3.632    37   7.1
  -1   8   79.632   -6.974    0.000   15.40   3.625    36   7.1
  -1   9   79.646   -6.650    0.000   15.79   3.619    36   7.1
  -1  10   79.660   -6.360    0.000   16.13   3.613    35   7.1
  -1  11   79.673   -6.092    0.000   16.45   3.608    36   7.1
  -1  12   79.687   -5.829    0.000   16.77   3.604    36   7.1
  -1  13   79.700   -5.570    0.000   17.08   3.599    36   7.1
  -1  14   79.714   -5.314    0.000   17.39   3.595    36   7.1
  -1  15   79.727   -5.064    0.000   17.70   3.591    36   7.1
  -1  16   79.741   -4.816    0.000   18.02   3.587    36   7.1
  -1  17   79.754   -4.572    0.000   18.32   3.584    36   7.1
  -1  18   79.768   -4.332    0.000   18.63   3.581    36   7.1
  -1  19   79.781   -4.094    0.000   18.94   3.577    36   7.1
  -1  20   79.795   -3.860    0.000   19.24   3.574    36   7.1
  -1  21   79.808   -3.629    0.000   19.54   3.572    36   7.1
  -1  22   79.822   -3.401    0.000   19.84   3.569    36   7.1
  -1  23   79.835   -3.175    0.000   20.14   3.567    36   7.1
  -1  24   79.849   -2.953    0.000   20.44   3.565    36   7.1
  -1  25   79.862   -2.732    0.000   20.74   3.563    36   7.1
  -1  26   79.876   -2.516    0.000   21.03   3.561    36   7.1
  -1  27   79.890   -2.308    0.000   21.30   3.559    36   7.1
  -1  28   79.903   -2.103    0.000   21.57   3.558    35   7.1
  -1  29   79.917   -1.901    0.000   21.84   3.556    36   7.1
  -1  30   79.930   -1.700    0.000   22.11   3.555    36   7.1
  -1   1   80.942   -1.968    0.000   24.46   3.134    31   8.1
  -1   2   80.942   -1.946    0.000   24.48   3.134    31   8.1
  -1   3   80.942   -1.939    0.000   24.49   3.134    31   8.1
  -1   4   80.942   -1.923    0.000   24.50   3.134    31   8.1
  -1   5   80.942   -1.903    0.000   24.52   3.134    31   8.1
  -1   6   80.942   -1.891    0.000   24.53   3.134    31   8.1
  -1   7   80.942    7.046    0.000   32.48   3.177    33   8.1
  -1   8   80.942   -1.859    0.000   24.56   3.134    31   8.1
  -1   9   80.942   -1.845    0.000   24.57   3.134    31   8.1
  -1  10   80.942    7.051    0.000   32.48   3.177    33   8.1
  -1  11   80.942   -1.813    0.000   24.59   3.134    31   8.1
  -1  12   80.942   -1.796    0.000   24.61   3.134    31   8.1
  -1  13   80.943   -1.781    0.000   24.62   3.133    31   8.1
  -1  14   80.943   -1.772    0.000   24.63   3.133    31   8.1
  -1  15   80.943   -1.753    0.000   24.65   3.133    31   8.1
  -1  16   80.943    7.069    0.000   32.50   3.177    33   8.1
  -1  17   80.943   -1.726    0.000   24.67   3.133    31   8.1
  -1  18   80.943   -1.711    0.000   24.68   3.133    31   8.1
  -1  19   80.943    7.075    0.000   32.51   3.177    33   8.1
  -1  20   80.943   -1.684    0.000   24.70   3.133    31   8.1
  -1  21   80.943   -1.670    0.000   24.72   3.133    31   8.1
  -1  22   80.943   -1.656    0.000   24.73   3.133    31   8.1
  -1  23   80.943   -1.644    0.000   24.74   3.133    31   8.1
  -1  24   80.943   -1.630    0.000   24.75   3.133    31   8.1
  -1  25   80.944   -1.617    0.000   24.76   3.133    31   8.1
  -1  26   80.944   -1.605    0.000   24.77   3.133    31   8.1
  -1  27   80.944   -1.590    0.000   24.78   3.133    31   8.1
  -1  28   80.944    7.056    0.000   32.49   3.177    33   8.1
  -1  29   80.944   -1.565    0.000   24.80   3.133    31   8.1
  -1  30   80.944   -1.553    0.000   24.81   3.133    31   8.1
   1   1    2.250   -2.250  160.707    0.00  41.123   150   1.2
   1   2    5.276   -5.276  117.131    0.00  17.572    71   1.2
   1   3    8.302   -8.302  105.283    0.00  11.207    46   1.2
   1   4   11.328  -11.328   99.736    0.00   8.255    34   1.2
   1   5   14.353  -14.354   96.506    0.00   6.558    28   1.2
   1   6   17.379  -17.379   94.381   -0.00   5.461    23   1.2
   1   7   20.405  -20.405   92.871    0.00   4.697    20   1.2
   1   8   23.431  -23.431   91.736    0.00   4.137    18   1.2
   1   9   26.457  -26.457   90.848    0.00   3.711    16   1.2
   1  10   29.483  -29.483   90.131    0.00   3.378    15   1.2
   1  11   32.509  -32.509   89.536    0.00   3.112    14   1.2
   1  12   35.534  -35.534   89.032    0.00   2.897    13   1.2
   1  13   38.560  -38.560   88.598    0.00   2.720    12   1.2
   1  14   41.586  -41.586   88.218    0.00   2.573    11   1.2
   1  15   44.612  -44.612   87.881    0.00   2.451    10   1.2
   1  16   47.638  -47.638   87.578   -0.00   2.349    10   1.2
   1  17   50.664  -50.664   87.302    0.00   2.263     9   1.2
   1  18   53.690  -53.690   87.050    0.00   2.192     9   1.2
   1  19   56.716  -56.716   86.816    0.00   2.132     8   1.2
   1  20   59.741  -59.741   86.598    0.00   2.083     8   1.2
   1  21   62.767  -62.767   86.394    0.00   2.043     7   1.2
   1  22   65.793  -65.793   86.200    0.00   2.011     7   1.2
   1  23   68.819  -68.819   86.015    0.00   1.986     7   1.2
   1  24   71.845  -71.845   85.837    0.00   1.969     6   1.2
   1  25   74.871  -74.871   85.666    0.00   1.957     6   1.2
   1  26   77.897  -77.897   85.499    0.00   1.952     5   1.2
   1  27   80.922  -80.922   85.336    0.00   1.952     5   1.2
   1  28   83.948  -83.948   85.176    0.00   1.958     5   1.2
   1  29   86.974  -86.974   85.018    0.00   1.970     5   1.2
   1  30   90.000  -90.000   84.860    0.00   1.987     4   1.2
   1   1   77.376  -77.149  299.433    0.00   7.546    94   7.2
   1   2   77.391  -82.011  278.191    0.00   7.777    84   7.2
   1   3   77.436  -82.213  262.757    0.00   8.286    86   7.2
   1   4   77.511  -84.907  253.715    0.00   8.942    81   7.2
   1   5   77.616  -83.272  246.355    0.00   9.232    82   7.2
   1   6   77.751  -83.914  253.153    0.00   8.975    79   7.2
   1   7   77.916  -79.581  292.303   -0.00   7.358    87   7.2
   1   8   78.111  -82.687  256.978    0.00   8.758    84   7.2
   1   9   78.337  -76.560  243.068    0.00   8.961    86   7.2
   1  10   78.592  -73.014  230.974    0.00   8.977    73   7.2
   1  11   78.877  -64.789  219.277    0.00   7.440    68   7.2
   1  12   79.192  -77.777  189.961    0.00   5.831    59   7.2
   1  13   79.537  -78.139  179.243    0.00   5.670    60   7.2
   1  14   79.913  -86.759  167.852    0.00   5.833    66   7.2
   1  15   80.318  -86.424  157.776    0.00   6.634    65   7.2
   1  16   80.753  -85.470  149.356    0.00   7.081    63   7.2
   1  17   81.219  -79.218  146.922    0.00   7.167    61   7.2
   1  18   81.714  -77.652  140.426    0.00   7.145    58   7.2
   1  19   82.239  -77.507  134.217    0.00   7.017    59   7.2
   1  20   82.795  -79.026  122.723    0.00   7.087    57   7.2
   1  21   83.380  -80.058  118.345    0.00   7.147    51   7.2
   1  22   83.996  -79.645  114.511    0.00   7.179    54   7.2
   1  23   84.641  -83.994  110.344    0.00   7.304    51   7.2
   1  24   85.317  -84.308  106.758    0.00   7.430    49   7.2
   1  25   86.022  -82.718  103.304    0.00   7.663    49   7.2
   1  26   86.758  -88.020   98.206    0.00   8.371    48   7.2
   1  27   87.523  -87.593   95.307    0.00   8.618    47   7.2
   1  28   88.319  -87.638   92.480    0.00   8.889    46   7.2
   1  29   89.144  -88.071   89.833    0.00   9.145    43   7.2
   1  30   90.000  -88.951   88.265    0.00   9.319    41   7.2
   1   1   68.846  -69.872   89.118    0.00   3.412    27   4.1
   1   2   69.053  -70.528   90.366    0.00   3.534    34   4.1
   1   3   69.260  -70.219   91.169   -0.00   3.615    36   4.1
   1   4   69.467  -70.495   91.769    0.00   3.674    39   4.1
   1   5   69.674  -70.186   92.341    0.00   3.732    40   4.1
   1   6   69.881  -70.378   92.783    0.00   3.776    41   4.1
   1   7   70.088  -70.891   93.179    0.00   3.814    42   4.1
   1   8   70.296  -71.288   93.559    0.00   3.849    44   4.1
   1   9   70.503  -71.514   93.940    0.00   3.882    44   4.1
   1  10   70.710  -71.751   94.302    0.00   3.913    45   4.1
   1  11   70.917  -72.272   94.623    0.00   3.939    46   4.1
   1  12   71.124  -72.522   94.966    0.00   3.966    46   4.1
   1  13   71.331  -72.787   95.300    0.00   3.990    48   4.1
   1  14   71.538  -72.835   95.637    0.00   4.015    49   4.1
   1  15   71.745  -73.888   95.910    0.00   4.033    50   4.1
   1  16   71.952  -74.223   96.224    0.00   4.051    51   4.1
   1  17   72.159  -75.158   96.498    0.00   4.065    52   4.1
   1  18   72.366  -76.340   96.735    0.00   4.074    52   4.1
   1  19   72.573  -76.604   97.043    0.00   4.083    55   4.1
   1  20   72.780  -74.725   97.515    0.00   4.101    58   4.1
   1  21   72.987  -72.710   98.038    0.00   4.134    59   4.1
   1  22   73.194  -73.230   98.320    0.00   4.154    58   4.1
   1  23   73.401  -73.290   98.634    0.00   4.175    59   4.1
   1  24   73.608  -75.154   98.828    0.00   4.189    59   4.1
   1  25   73.816  -77.699   98.943    0.00   4.193    58   4.1
   1  26   74.023  -77.734   99.285    0.00   4.199    59   4.1
   1  27   74.230  -81.140   99.347    0.00   4.201    61   4.1
   1  28   74.437  -84.322   99.525    0.00   4.191    65   4.1
   1  29   74.644   89.768   99.500    0.00   4.189    66   4.1
   1  30   74.851  -88.691  100.095    0.00   4.113    66   4.1
   1   1   68.846  -69.872   89.118    0.00   3.412    27   4.1
   1   2   69.053  -70.528   90.366    0.00   3.534    34   4.1
   1   3   69.260  -70.219   91.169   -0.00   3.615    36   4.1
   1   4   69.467  -70.495   91.769    0.00   3.674    39   4.1
   1   5   69.674  -70.186   92.341    0.00   3.732    40   4.1
   1   6   69.881  -70.378   92.783    0.00   3.776    41   4.1
   1   7   70.088  -70.891   93.179    0.00   3.814    42   4.1
   1   8   70.296  -71.288   93.559    0.00   3.849    44   4.1
   1   9   70.503  -71.514   93.940    0.00   3.882    44   4.1
   1  10   70.710  -71.751   94.302    0.00   3.913    45   4.1
   1  11   70.917  -72.272   94.623    0.00   3.939    46   4.1
   1  12   71.124  -72.522   94.966    0.00   3.966    46   4.1
   1  13   71.331  -72.787   95.300    0.00   3.990    48   4.1
   1  14   71.538  -72.835   95.637    0.00   4.015    49   4.1
   1  15   71.745  -73.888   95.910    0.00   4.033    50   4.1
   1  16   71.952  -74.223   96.224    0.00   4.051    51   4.1
   1  17   72.159  -75.158   96.498    0.00   4.065    52   4.1
   1  18   72.366  -76.340   96.735    0.00   4.074    52   4.1
   1  19   72.573  -76.604   97.043    0.00   4.083    55   4.1
   1  20   72.780  -74.725   97.515    0.00   4.101    58   4.1
   1  21   72.987  -72.710   98.038    0.00   4.134    59   4.1
   1  22   73.194  -73.230   98.320    0.00   4.154    58   4.1
   1  23   73.401  -73.290   98.634    0.00   4.175    59   4.1
   1  24   73.608  -75.154   98.828    0.00   4.189    59   4.1
   1  25   73.816  -77.699   98.943    0.00   4.193    58   4.1
   1  26   74.023  -77.734   99.285    0.00   4.199    59   4.1
   1  27   74.230  -81.140   99.347    0.00   4.201    61   4.1
   1  28   74.437  -84.322   99.525    0.00   4.191    65   4.1
   1  29   74.644   89.768   99.500    0.00   4.189    66   4.1
   1  30   74.851  -88.691  100.095    0.00   4.113    66   4.1
   1   1   75.276  -84.236  101.403    0.00   3.982    61   5.1
   1   2   75.307  -81.279  105.164    0.00   3.948    66   5.1
   1   3   75.338  -73.974  108.384    0.00   4.002    67   5.1
   1   4   75.368  -75.501  109.926    0.00   4.079    65   5.1
   1   5   75.399  -76.709  111.598    0.00   4.124    65   5.1
   1   6   75.429  -73.047  114.139    0.00   4.199    64   5.1
   1   7   75.460  -73.716  115.045    0.00   4.257    66   5.1
   1   8   75.490  -73.398  116.660    0.00   4.362    66   5.1
   1   9   75.521  -75.403  117.554    0.00   4.407    68   5.1
   1  10   75.551  -74.654  118.675    0.00   4.461    67   5.1
   1  11   75.582  -73.604  115.191    0.00   4.266    66   5.1
   1  12   75.613  -75.134  116.960    0.00   4.381    67   5.1
   1  13   75.643  -74.615  118.397    0.00   4.447    67   5.1
   1  14   75.674  -76.268  119.672    0.00   4.501    66   5.1
   1  15   75.704  -75.941  120.958    0.00   4.541    69   5.1
   1  16   75.735  -74.369  122.434    0.00   4.605    67   5.1
   1  17   75.765  -74.104  123.868    0.00   4.687    68   5.1
   1  18   75.796  -75.199  125.068    0.00   4.748    71   5.1
   1  19   75.826  -76.151  126.151    0.00   4.796    71   5.1
   1  20   75.857  -75.644  127.339    0.00   4.842    71   5.1
   1  21   75.888  -77.571  128.381    0.00   4.865    70   5.1
   1  22   75.918  -77.889  129.499    0.00   4.884    71   5.1
   1  23   75.949  -77.676  130.747    0.00   4.902    70   5.1
   1  24   75.979  -76.438  132.057    0.00   4.938    71   5.1
   1  25   76.010  -75.184  133.452    0.00   4.981    73   5.1
   1  26   76.040  -74.559  134.744    0.00   5.044    74   5.1
   1  27   76.071  -74.679  135.942    0.00   5.104    72   5.1
   1  28   76.102  -74.263  137.181    0.00   5.170    75   5.1
   1  29   76.132  -74.108  138.241    0.00   5.227    73   5.1
   1  30   76.163  -74.524  139.325    0.00   5.283    72   5.1
   1   1   76.185  -74.812  137.525    0.00   5.188    73   6.1
   1   2   76.224  -75.197  145.579    0.00   5.470    71   6.1
   1   3   76.264  -83.925  148.869    0.00   5.520    75   6.1
   1   4   76.303  -79.508  154.347    0.00   5.398    72   6.1
   1   5   76.343  -83.326  159.394    0.00   5.114    76   6.1
   1   6   76.383  -87.214  163.400    0.00   4.922    76   6.1
   1   7   76.422  -85.659  168.382    0.00   4.524    74   6.1
   1   8   76.462  -78.009  172.955    0.00   4.424    70   6.1
   1   9   76.502  -77.274  177.506    0.00   4.505    68   6.1
   1  10   76.541  -76.855  182.585    0.00   4.629    66   6.1
   1  11   76.581  -76.700  186.982   -0.00   4.750    65   6.1
   1  12   76.621  -76.654  191.148    0.00   4.869    64   6.1
   1  13   76.660  -76.680  194.921    0.00   4.977    65   6.1
   1  14   76.700  -76.720  198.349    0.00   5.075    68   6.1
   1  15   76.740  -76.776  201.735    0.00   5.169    69   6.1
   1  16   76.779  -76.913  204.788    0.00   5.250    68   6.1
   1  17   76.819  -76.792  208.396    0.00   5.346    68   6.1
   1  18   76.859  -64.466  211.881    0.00   5.505    72   6.1
   1  19   76.898  -64.044  214.566    0.00   5.947    72   6.1
   1  20   76.938  -63.968  217.206    0.00   6.390    71   6.1
   1  21   76.978  -63.960  219.509    0.00   6.776    71   6.1
   1  22   77.017  -63.828  221.930    0.00   7.184    74   6.1
   1  23   77.057  -62.470  224.213    0.00   7.606    78   6.1
   1  24   77.097  -67.206  225.913    0.00   7.881    79   6.1
   1  25   77.136  -70.036  227.636    0.00   8.086    81   6.1
   1  26   77.176  -71.919  229.261    0.00   8.247    79   6.1
   1  27   77.216  -72.139  230.901    0.00   8.377    78   6.1
   1  28   77.255  -74.819  232.331    0.00   8.461    80   6.1
   1  29   77.295  -76.520  233.903    0.00   8.525    79   6.1
   1  30   77.335  -79.365  236.555    0.00   8.551    82   6.1
   1   1   77.339  -82.798  246.997    0.00   8.619    91   7.1
   1   2   77.340  -80.590  248.187    0.00   8.576    91   7.1
   1   3   77.341  -79.317  249.333    0.00   8.571    93   7.1
   1   4   77.342  -80.098  250.579    0.00   8.559    90   7.1
   1   5   77.343  -81.360  251.956    0.00   8.529    90   7.1
   1   6   77.344  -82.829  253.656    0.00   8.464    90   7.1
   1   7   77.345  -82.914  255.505    0.00   8.380    90   7.1
   1   8   77.346  -82.010  257.395    0.00   8.302    91   7.1
   1   9   77.347  -87.078  258.832    0.00   8.192    91   7.1
   1  10   77.348  -83.457  261.701   -0.00   7.968    94   7.1
   1  11   77.349  -76.202  264.752    0.00   7.941    96   7.1
***  ray stopped - illegal reflection  ***
   1  12   77.350  -14.112  231.471   19.84   4.352    62   7.2
***  ray stopped - illegal reflection  ***
   1  13   77.351  -12.473  224.620   21.89   4.159    61   7.2
   1  14   77.352  -80.771  270.435    0.00   7.897    91   7.1
   1  15   77.353  -82.768  272.369    0.00   7.831    93   7.1
   1  16   77.354  -87.405  274.421    0.00   7.732    92   7.1
   1  17   77.355  -81.393  277.505    0.00   7.504    92   7.1
   1  18   77.356  -82.472  280.519    0.00   7.404    93   7.1
   1  19   77.357  -81.628  282.600    0.00   7.334    90   7.1
   1  20   77.358  -82.166  284.850    0.00   7.264    91   7.1
   1  21   77.359  -83.582  286.739    0.00   7.167    93   7.1
   1  22   77.360  -80.999  289.312    0.00   7.080    93   7.1
   1  23   77.361  -80.733  291.556    0.00   7.050    96   7.1
   1  24   77.362  -74.927  293.648    0.00   7.071    94   7.1
   1  25   77.363  -72.611  295.748    0.00   7.206    96   7.1
   1  26   77.364  -74.019  296.829    0.00   7.272    96   7.1
   1  27   77.365  -75.714  298.040    0.00   7.329    99   7.1
   1  28   77.366  -76.842  299.331    0.00   7.370    98   7.1
   1  29   77.367  -76.796  301.062    0.00   7.416    98   7.1
   1  30   77.368  -77.602  303.059   -0.00   7.461    95   7.1
   1   1   79.131  -65.142  213.326    0.00   6.498    66   8.1
   1   2   79.141  -64.335  224.941    0.00   8.373    77   8.1
   1   3   79.151  -75.957  232.609    0.00   9.004    76   8.1
   1   4   79.161  -81.507  238.499    0.00   9.010    80   8.1
   1   5   79.171  -78.388  233.656    0.00   9.046    76   8.1
   1   6   79.181  -78.880  328.409    0.00   7.003    92   8.1
   1   7   79.191  -79.167  329.536    0.00   7.005    92   8.1
   1   8   79.201  -77.548  330.791    0.00   7.017    92   8.1
   1   9   79.211  -75.646  332.027    0.00   7.051    93   8.1
   1  10   79.220  -76.703  333.126    0.00   7.088    94   8.1
   1  11   79.230  -77.533  334.545    0.00   7.125    96   8.1
   1  12   79.240  -77.026  335.659   -0.00   7.148    96   8.1
   1  13   79.250  -77.472  336.700    0.00   7.173    97   8.1
   1  14   79.260  -78.322  337.737    0.00   7.189    97   8.1
   1  15   79.270  -78.600  338.802   -0.00   7.196    96   8.1
   1  16   79.280  -79.437  339.839    0.00   7.194    99   8.1
   1  17   79.290  -81.903  340.758    0.00   7.168    96   8.1
   1  18   79.300  -82.366  342.061    0.00   7.126    97   8.1
   1  19   79.309  -77.741  344.169    0.00   7.113    98   8.1
   1  20   79.319  -78.085  345.824    0.00   7.138    98   8.1
   1  21   79.329  -77.867  347.560    0.00   7.167    96   8.1
   1  22   79.339  -76.936  349.383    0.00   7.194    98   8.1
   1  23   79.349  -78.170  351.013    0.00   7.237   100   8.1
   1  24   79.359  -78.539  352.536    0.00   7.255   100   8.1
   1  25   79.369  -80.286  354.007    0.00   7.252    99   8.1
   1  26   79.379  -82.460  355.491    0.00   7.205   100   8.1
   1  27   79.389  -78.240  357.355    0.00   7.173   100   8.1
   1  28   79.398  -72.102  359.315    0.00   7.252    99   8.1
   1  29   79.408  -72.690  360.841    0.00   7.369   102   8.1
   1  30   79.418  -70.014  362.556    0.00   7.518   101   8.1
   1   1   74.978  -79.296   98.986    0.00   4.209    59   4.2
   1   2   75.163  -75.888   97.950    0.00   4.179    57   4.2
   1   3   75.719  -80.306   96.350    0.00   4.164    51   4.2
   1   4   76.647  -78.830   94.363    0.00   4.155    46   4.2
   1   5   77.945  -79.675   92.523    0.00   4.156    43   4.2
   1   6   79.614  -81.242   90.825    0.00   4.176    42   4.2
   1   7   81.654  -82.849   89.578    0.00   4.222    41   4.2
   1   8   84.065  -84.744   88.053    0.00   4.305    39   4.2
   1   9   86.847  -87.798   86.392    0.00   4.439    34   4.2
   1  10   90.000   89.809   84.945    0.00   4.611    33   4.2
   1   1   66.721  -69.788   87.864    0.00   4.289    24   4.1
   1   2   66.969  -70.503   89.593    0.00   4.468    32   4.1
   1   3   67.217  -70.642   90.534    0.00   4.558    36   4.1
   1   4   67.465  -70.495   91.263    0.00   4.630    37   4.1
   1   5   67.713  -70.754   91.859    0.00   4.687    40   4.1
   1   6   67.961  -70.516   92.428    0.00   4.743    41   4.1
   1   7   68.209  -70.785   92.906    0.00   4.789    42   4.1
   1   8   68.457  -71.435   93.333    0.00   4.828    45   4.1
   1   9   68.705  -71.736   93.761    0.00   4.864    46   4.1
   1  10   68.953  -72.004   94.177    0.00   4.899    47   4.1
   1  11   69.201  -72.564   94.559    0.00   4.929    48   4.1
   1  12   69.449  -72.852   94.954    0.00   4.958    48   4.1
   1  13   69.697  -73.162   95.343    0.00   4.985    50   4.1
   1  14   69.945  -73.490   95.720    0.00   5.011    52   4.1
   1  15   70.193  -74.423   96.058    0.00   5.031    53   4.1
   1  16   70.441  -75.336   96.397    0.00   5.048    53   4.1
   1  17   70.689  -76.832   96.661    0.00   5.057    55   4.1
   1  18   70.937  -73.661   95.846    0.00   5.019    52   4.1
   1  19   71.185  -74.554   96.205    0.00   5.038    52   4.1
   1  20   71.433  -75.617   96.544    0.00   5.054    55   4.1
   1  21   71.681  -76.733   96.850    0.00   5.063    55   4.1
   1  22   71.929  -75.496   97.354    0.00   5.077    58   4.1
   1  23   72.177  -73.003   97.994    0.00   5.114    60   4.1
   1  24   72.425  -73.441   98.359    0.00   5.138    60   4.1
   1  25   72.673  -73.827   98.735    0.00   5.162    62   4.1
   1  26   72.921  -78.001   98.965    0.00   5.172    58   4.1
   1  27   73.169  -77.990   99.236    0.00   5.175    60   4.1
   1  28   73.417  -81.693   99.367    0.00   5.176    61   4.1
   1  29   73.665   89.456   99.408    0.00   5.175    64   4.1
***  ray stopped - illegal reflection  ***
   1  30   73.913   -2.397   92.806    7.51   2.176    33   4.2
   1   1   74.448  -73.598  116.225    0.00   5.303    66   5.1
   1   2   74.471  -75.778  109.567    0.00   5.035    64   5.1
   1   3   74.493  -76.504  111.586    0.00   5.094    64   5.1
   1   4   74.516  -78.098  113.112    0.00   5.122    64   5.1
   1   5   74.538  -73.592  115.246    0.00   5.240    64   5.1
   1   6   74.561  -73.410  116.761    0.00   5.338    67   5.1
   1   7   74.583  -75.432  117.626    0.00   5.380    67   5.1
   1   8   74.606  -74.670  118.690    0.00   5.432    65   5.1
   1   9   74.628  -75.914  119.651    0.00   5.470    67   5.1
   1  10   74.651  -76.815  120.607    0.00   5.498    69   5.1
   1  11   74.673  -75.709  121.658    0.00   5.538    66   5.1
   1  12   74.696  -74.252  122.746    0.00   5.592    67   5.1
   1  13   74.718  -73.746  123.790    0.00   5.652    69   5.1
   1  14   74.741  -75.011  124.672    0.00   5.699    70   5.1
   1  15   74.763  -75.206  125.484    0.00   5.736    68   5.1
   1  16   74.785  -75.892  126.250    0.00   5.768    70   5.1
   1  17   74.808  -75.617  127.098    0.00   5.801    69   5.1
   1  18   74.830  -77.611  127.751    0.00   5.823    67   5.1
   1  19   74.853  -77.553  128.632    0.00   5.838    70   5.1
   1  20   74.875  -77.914  129.398    0.00   5.851    69   5.1
   1  21   74.898  -77.919  130.270    0.00   5.863    70   5.1
   1  22   74.920  -76.847  131.254    0.00   5.883    71   5.1
   1  23   74.943  -76.995  132.202    0.00   5.910    70   5.1
   1  24   74.965  -74.768  137.475    0.00   6.153    71   5.1
   1  25   74.988  -74.764  134.345   -0.00   5.992    73   5.1
   1  26   75.010  -74.698  135.241    0.00   6.038    72   5.1
   1  27   75.033  -74.669  136.126    0.00   6.082    71   5.1
   1  28   75.055  -74.259  137.043    0.00   6.130    70   5.1
   1  29   75.078  -74.791  137.748    0.00   6.167    72   5.1
   1  30   75.100  -74.858  138.520    0.00   6.209    72   5.1
   1   1   75.130  -74.639  134.921    0.00   6.023    68   6.1
   1   2   75.169  -76.652  144.623    0.00   6.396    70   6.1
   1   3   75.209  -80.060  148.080    0.00   6.499    71   6.1
   1   4   75.248  -80.382  152.940    0.00   6.373    70   6.1
   1   5   75.287  -84.935  157.578    0.00   6.188    73   6.1
   1   6   75.327  -83.239  162.033    0.00   5.958    73   6.1
   1   7   75.366  -85.539  166.699    0.00   5.615    73   6.1
   1   8   75.406  -78.212  171.457   -0.00   5.373    70   6.1
   1   9   75.445  -77.482  176.045    0.00   5.441    69   6.1
   1  10   75.484  -76.947  181.038    0.00   5.555    67   6.1
   1  11   75.524  -76.737  185.604    0.00   5.677    65   6.1
   1  12   75.563  -76.667  189.783    0.00   5.795    64   6.1
   1  13   75.602  -76.669  193.551    0.00   5.904    65   6.1
   1  14   75.642  -76.707  196.968    0.00   6.001    65   6.1
   1  15   75.681  -76.753  200.228    0.00   6.092    67   6.1
   1  16   75.721  -76.828  203.158    0.00   6.172    66   6.1
   1  17   75.760  -76.874  206.573    0.00   6.262    67   6.1
   1  18   75.799  -76.737  210.187    0.00   6.360    67   6.1
   1  19   75.839  -64.232  213.106    0.00   6.669    71   6.1
   1  20   75.878  -63.933  215.744    0.00   7.109    71   6.1
   1  21   75.918  -63.973  218.373    0.00   7.550    72   6.1
   1  22   75.957  -63.908  220.723    0.00   7.944    73   6.1
   1  23   75.996  -61.841  223.135    0.00   8.370    76   6.1
   1  24   76.036  -63.200  225.056    0.00   8.722    80   6.1
   1  25   76.075  -67.976  226.774    0.00   8.956    81   6.1
   1  26   76.115  -70.156  228.410    0.00   9.131    80   6.1
   1  27   76.154  -72.150  229.856    0.00   9.258    80   6.1
   1  28   76.193  -73.241  231.401    0.00   9.377    81   6.1
   1  29   76.233  -75.064  232.927    0.00   9.452    80   6.1
   1  30   76.272  -78.119  234.622    0.00   9.496    81   6.1
   1   1   76.280  -74.197  245.970    0.00   9.595    92   7.1
   1   2   76.281  -77.465  246.286    0.00   9.599    90   7.1
   1   3   76.282  -83.059  246.590    0.00   9.600    91   7.1
   1   4   76.283  -82.093  247.689    0.00   9.553    93   7.1
   1   5   76.283  -79.738  248.764    0.00   9.534    92   7.1
   1   6   76.284  -80.367  249.827    0.00   9.530    90   7.1
   1   7   76.285  -81.248  251.112    0.00   9.512    91   7.1
   1   8   76.286  -83.020  252.743    0.00   9.465    90   7.1
   1   9   76.287  -83.672  254.131    0.00   9.403    90   7.1
   1  10   76.288  -82.928  255.660    0.00   9.336    89   7.1
   1  11   76.289  -83.609  257.501    0.00   9.260    92   7.1
   1  12   76.289  -86.968  259.228    0.00   9.118    93   7.1
   1  13   76.290  -83.466  261.661    0.00   8.932    95   7.1
   1  14   76.291  -76.432  264.540    0.00   8.897    97   7.1
   1  15   76.292  -79.188  266.899    0.00   8.951    93   7.1
***  ray stopped - illegal reflection  ***
   1  16   76.293  -12.768  226.037   21.46   5.162    61   7.2
   1  17   76.294  -80.711  269.807    0.00   8.873    92   7.1
   1  18   76.295  -83.108  271.876    0.00   8.815    94   7.1
   1  19   76.296  -84.435  273.883    0.00   8.730    92   7.1
   1  20   76.296  -87.566  275.789    0.00   8.556    91   7.1
   1  21   76.297  -82.327  278.738    0.00   8.429    92   7.1
   1  22   76.298  -82.322  281.284    0.00   8.340    90   7.1
   1  23   76.299  -81.556  283.241    0.00   8.277    90   7.1
   1  24   76.300  -83.051  285.118    0.00   8.216    92   7.1
   1  25   76.301  -82.979  287.361    0.00   8.099    92   7.1
   1  26   76.302  -80.353  289.625    0.00   8.035    95   7.1
   1  27   76.303  -81.195  291.861    0.00   8.006    94   7.1
   1  28   76.303  -74.868  293.688    0.00   8.035    94   7.1
   1  29   76.304  -72.773  295.614    0.00   8.159    95   7.1
   1  30   76.305  -74.000  296.720    0.00   8.228    94   7.1
   1   1   78.100  -65.161  213.188    0.00   7.433    64   8.1
   1   2   78.109  -76.086  323.487    0.00   7.821    92   8.1
   1   3   78.119  -76.808  324.502    0.00   7.851    93   8.1
   1   4   78.128  -75.765  325.578    0.00   7.894    94   8.1
   1   5   78.137  -76.204  326.632    0.00   7.932    94   8.1
   1   6   78.146  -78.105  327.558    0.00   7.951    95   8.1
   1   7   78.155  -79.064  328.570    0.00   7.959    93   8.1
   1   8   78.165  -79.194  329.647    0.00   7.961    92   8.1
   1   9   78.174  -77.548  330.811    0.00   7.974    91   8.1
   1  10   78.183  -75.659  331.992    0.00   8.006    91   8.1
   1  11   78.192  -76.347  333.023    0.00   8.042    93   8.1
   1  12   78.202  -77.859  334.378    0.00   8.078    94   8.1
   1  13   78.211  -77.187  335.413    0.00   8.099    94   8.1
   1  14   78.220  -77.226  336.405    0.00   8.123    96   8.1
   1  15   78.229  -78.597  337.813    0.00   8.146    96   8.1
   1  16   78.238  -79.495  339.451    0.00   8.151    94   8.1
   1  17   78.248  -81.925  340.963    0.00   8.117    94   8.1
   1  18   78.257  -80.051  342.772    0.00   8.064    97   8.1
   1  19   78.266  -77.733  344.535    0.00   8.075   100   8.1
   1  20   78.275  -77.572  346.139    0.00   8.099    98   8.1
   1  21   78.284  -77.920  347.755    0.00   8.126    94   8.1
   1  22   78.294  -76.919  349.452    0.00   8.152    97   8.1
   1  23   78.303  -77.947  350.958    0.00   8.192    99   8.1
   1  24   78.312  -78.565  352.371    0.00   8.209    98   8.1
   1  25   78.321  -80.120  353.710   -0.00   8.211    97   8.1
   1  26   78.331  -82.870  355.079    0.00   8.177    99   8.1
   1  27   78.340  -80.291  356.737    0.00   8.128    97   8.1
   1  28   78.349  -75.850  358.518    0.00   8.158    98   8.1
   1  29   78.358  -72.755  360.178    0.00   8.271   101   8.1
   1  30   78.367  -70.990  361.727    0.00   8.393   100   8.1

|----------------------------------------------------------------|
|                                                                |
| total of   1257 rays consisting of    59152 points were traced |
|                                                                |
|           model consists of  9 layers and *** blocks           |
|                                                                |
|----------------------------------------------------------------|

 
Number of data points used:     1528
RMS traveltime residual:       0.091
Normalized chi-squared:        2.282
 
 phase    npts   Trms   chi-squared
-----------------------------------
     1      55   0.079     1.767
     5     717   0.072     1.444
     8     116   0.087     2.101
    10      33   0.099     2.799
    14     607   0.110     3.340
 
     shot  dir   npts   Trms   chi-squared
------------------------------------------
    84.860 -1     979   0.100     2.756
    84.860  1     549   0.072     1.440
 
