    84.860    -1.000     0.000         0
    80.542     3.499     0.060         1
    80.703     3.410     0.060         1
    80.854     3.330     0.060         1
    81.015     3.244     0.060         1
    81.166     3.165     0.060         1
    81.316     3.088     0.060         1
    81.478     3.005     0.060         1
    81.628     2.932     0.060         1
    81.790     2.853     0.060         1
    81.940     2.782     0.060         1
    82.101     2.708     0.060         1
    82.259     2.638     0.060         1
    82.410     2.572     0.060         1
    82.561     2.510     0.060         1
    82.722     2.446     0.060         1
    82.883     2.384     0.060         1
    83.044     2.327     0.060         1
    83.195     2.276     0.060         1
    83.352     2.227     0.060         1
    83.506     2.182     0.060         1
    83.667     2.140     0.060         1
    83.817     2.106     0.060         1
    83.982     2.072     0.060         1
    84.132     2.046     0.060         1
    84.282     2.024     0.060         1
    84.445     2.007     0.060         1
    84.603     1.995     0.060         1
    84.743     1.989     0.060         1
    84.769     1.988     0.060         1
     5.541    16.126     0.060         8
     5.867    16.086     0.060         8
     6.190    16.046     0.060         8
     6.663    15.987     0.060         8
     6.986    15.947     0.060         8
     7.467    15.887     0.060         8
     7.951    15.827     0.060         8
     8.116    15.807     0.060         8
     8.277    15.787     0.060         8
     8.441    15.766     0.060         8
     8.603    15.746     0.060         8
     8.778    15.724     0.060         8
     8.939    15.705     0.060         8
     9.103    15.684     0.060         8
     9.268    15.664     0.060         8
     9.429    15.644     0.060         8
     9.590    15.624     0.060         8
     9.752    15.604     0.060         8
     9.913    15.584     0.060         8
    10.074    15.564     0.060         8
    10.236    15.544     0.060         8
    10.387    15.525     0.060         8
    10.548    15.505     0.060         8
    10.715    15.484     0.060         8
    10.880    15.464     0.060         8
    11.044    15.443     0.060         8
    11.208    15.423     0.060         8
    11.380    15.402     0.060         8
    11.545    15.381     0.060         8
    11.706    15.361     0.060         8
    11.881    15.339     0.060         8
    12.042    15.319     0.060         8
    12.207    15.298     0.060         8
    12.379    15.275     0.060         8
    12.543    15.254     0.060         8
    12.705    15.234     0.060         8
    12.866    15.213     0.060         8
    13.027    15.192     0.060         8
    13.186    15.172     0.060         8
    13.347    15.151     0.060         8
    13.505    15.131     0.060         8
    13.656    15.111     0.060         8
    13.817    15.091     0.060         8
    13.979    15.070     0.060         8
    14.143    15.049     0.060         8
    14.304    15.028     0.060         8
    14.458    15.008     0.060         8
    14.619    14.987     0.060         8
    14.784    14.966     0.060         8
    14.945    14.946     0.060         8
    15.109    14.924     0.060         8
    15.271    14.904     0.060         8
    15.435    14.883     0.060         8
    15.600    14.861     0.060         8
    15.750    14.842     0.060         8
    15.922    14.820     0.060         8
    16.087    14.799     0.060         8
    16.248    14.778     0.060         8
    16.412    14.757     0.060         8
    16.574    14.736     0.060         8
    16.738    14.715     0.060         8
    16.910    14.693     0.060         8
    17.074    14.672     0.060         8
    17.236    14.651     0.060         8
    17.397    14.630     0.060         8
    17.558    14.610     0.060         8
    17.709    14.590     0.060         8
    17.870    14.570     0.060         8
    18.032    14.549     0.060         8
    18.183    14.530     0.060         8
    18.341    14.511     0.060         8
    18.502    14.491     0.060         8
    18.656    14.473     0.060         8
    18.817    14.453     0.060         8
    18.979    14.434     0.060         8
    19.129    14.415     0.060         8
    19.291    14.396     0.060         8
    19.441    14.377     0.060         8
    19.603    14.358     0.060         8
    19.753    14.339     0.060         8
    19.915    14.320     0.060         8
    20.065    14.302     0.060         8
    20.216    14.283     0.060         8
    20.377    14.264     0.060         8
    20.531    14.245     0.060         8
    20.692    14.225     0.060         8
    20.843    14.207     0.060         8
    21.008    14.187     0.060         8
    21.158    14.169     0.060         8
    74.543     5.233     0.060        10
    74.844     5.171     0.060        10
    75.143     5.111     0.060        10
    75.441     5.050     0.060        10
    75.753     4.986     0.060        10
    76.057     4.924     0.060        10
    76.372     4.858     0.060        10
    76.677     4.794     0.060        10
    76.992     4.728     0.060        10
    77.296     4.664     0.060        10
    77.762     4.564     0.060        10
    78.073     4.496     0.060        10
    67.077     6.524     0.060         5
    67.228     6.502     0.060         5
    67.382     6.480     0.060         5
    67.532     6.458     0.060         5
    67.694     6.434     0.060         5
    67.844     6.412     0.060         5
    67.995     6.390     0.060         5
    68.149     6.368     0.060         5
    68.310     6.344     0.060         5
    68.461     6.322     0.060         5
    68.619     6.298     0.060         5
    68.770     6.274     0.060         5
    68.920     6.249     0.060         5
    69.082     6.222     0.060         5
    69.232     6.197     0.060         5
    69.394     6.170     0.060         5
    69.544     6.145     0.060         5
    69.698     6.119     0.060         5
    69.859     6.092     0.060         5
    70.007     6.067     0.060         5
    70.171     6.039     0.060         5
    70.322     6.014     0.060         5
    70.483     5.986     0.060         5
    70.637     5.959     0.060         5
    70.798     5.931     0.060         5
    70.949     5.905     0.060         5
    71.110     5.876     0.060         5
    71.261     5.849     0.060         5
    71.422     5.820     0.060         5
    71.573     5.793     0.060         5
    71.731     5.764     0.060         5
    71.892     5.735     0.060         5
    72.043     5.708     0.060         5
    72.207     5.678     0.060         5
    72.358     5.650     0.060         5
    72.512     5.621     0.060         5
    72.673     5.591     0.060         5
    72.827     5.563     0.060         5
    72.988     5.533     0.060         5
    73.139     5.505     0.060         5
    73.300     5.475     0.060         5
    73.451     5.447     0.060         5
    73.615     5.416     0.060         5
    73.769     5.387     0.060         5
    73.930     5.356     0.060         5
    74.091     5.324     0.060         5
    74.242     5.294     0.060         5
    35.766    11.002     0.060         5
    35.931    10.975     0.060         5
    36.092    10.948     0.060         5
    36.253    10.922     0.060         5
    36.415    10.895     0.060         5
    36.584    10.868     0.060         5
    36.745    10.841     0.060         5
    36.906    10.815     0.060         5
    37.057    10.790     0.060         5
    37.221    10.763     0.060         5
    37.383    10.737     0.060         5
    37.544    10.709     0.060         5
    37.870    10.652     0.060         5
    38.031    10.624     0.060         5
    38.192    10.596     0.060         5
    38.357    10.567     0.060         5
    38.518    10.539     0.060         5
    38.679    10.511     0.060         5
    38.844    10.483     0.060         5
    39.005    10.455     0.060         5
    39.169    10.427     0.060         5
    39.818    10.317     0.060         5
    40.144    10.263     0.060         5
    40.305    10.236     0.060         5
    40.469    10.210     0.060         5
    40.631    10.184     0.060         5
    40.792    10.158     0.060         5
    41.128    10.104     0.060         5
    41.287    10.079     0.060         5
    41.448    10.053     0.060         5
    41.599    10.029     0.060         5
    41.760    10.004     0.060         5
    41.921     9.978     0.060         5
    42.419     9.898     0.060         5
    42.731     9.848     0.060         5
    42.882     9.823     0.060         5
    43.191     9.773     0.060         5
    43.338     9.749     0.060         5
    43.500     9.723     0.060         5
    43.650     9.699     0.060         5
    43.812     9.672     0.060         5
    43.973     9.646     0.060         5
    44.127     9.621     0.060         5
    44.288     9.595     0.060         5
    44.449     9.568     0.060         5
    44.600     9.543     0.060         5
    44.761     9.516     0.060         5
    44.912     9.491     0.060         5
    45.066     9.465     0.060         5
    45.227     9.438     0.060         5
    45.391     9.411     0.060         5
    45.542     9.386     0.060         5
    45.706     9.359     0.060         5
    45.857     9.334     0.060         5
    46.018     9.308     0.060         5
    46.172     9.282     0.060         5
    46.333     9.257     0.060         5
    46.484     9.233     0.060         5
    46.648     9.208     0.060         5
    46.799     9.185     0.060         5
    46.963     9.160     0.060         5
    47.278     9.111     0.060         5
    47.429     9.092     0.060         5
    47.590     9.071     0.060         5
    47.752     9.050     0.060         5
    47.902     9.031     0.060         5
    48.053     9.012     0.060         5
    48.217     8.991     0.060         5
    48.371     8.971     0.060         5
    48.532     8.954     0.060         5
    48.683     8.939     0.060         5
    48.998     8.909     0.060         5
    49.159     8.894     0.060         5
    49.321     8.878     0.060         5
    49.471     8.864     0.060         5
    49.633     8.848     0.060         5
    49.794     8.833     0.060         5
    49.945     8.819     0.060         5
    50.098     8.806     0.060         5
    50.260     8.792     0.060         5
    50.413     8.780     0.060         5
    50.575     8.766     0.060         5
    50.739     8.752     0.060         5
    50.887     8.740     0.060         5
    51.048     8.726     0.060         5
    51.206     8.712     0.060         5
    51.357     8.697     0.060         5
    51.518     8.680     0.060         5
    51.672     8.665     0.060         5
    51.833     8.649     0.060         5
    51.984     8.634     0.060         5
    52.145     8.617     0.060         5
    52.293     8.602     0.060         5
    52.444     8.584     0.060         5
    52.605     8.564     0.060         5
    52.756     8.546     0.060         5
    52.906     8.528     0.060         5
    53.068     8.509     0.060         5
    53.218     8.490     0.060         5
    53.369     8.472     0.060         5
    53.520     8.453     0.060         5
    53.670     8.433     0.060         5
    53.821     8.412     0.060         5
    53.975     8.391     0.060         5
    54.125     8.371     0.060         5
    54.276     8.350     0.060         5
    54.430     8.329     0.060         5
    54.580     8.308     0.060         5
    54.734     8.286     0.060         5
    54.885     8.265     0.060         5
    55.035     8.244     0.060         5
    55.186     8.223     0.060         5
    55.340     8.201     0.060         5
    55.501     8.179     0.060         5
    55.652     8.157     0.060         5
    55.805     8.136     0.060         5
    55.956     8.115     0.060         5
    56.107     8.093     0.060         5
    56.260     8.072     0.060         5
    56.422     8.050     0.060         5
    56.572     8.028     0.060         5
    56.723     8.006     0.060         5
    56.881     7.983     0.060         5
    57.032     7.961     0.060         5
    57.183     7.940     0.060         5
    57.344     7.916     0.060         5
    57.495     7.895     0.060         5
    57.656     7.872     0.060         5
    57.807     7.851     0.060         5
    57.957     7.830     0.060         5
    58.108     7.809     0.060         5
    58.259     7.787     0.060         5
    58.409     7.766     0.060         5
    58.568     7.744     0.060         5
    58.718     7.722     0.060         5
    58.869     7.701     0.060         5
    59.016     7.680     0.060         5
    59.178     7.658     0.060         5
    59.331     7.636     0.060         5
    59.482     7.615     0.060         5
    59.643     7.593     0.060         5
    59.794     7.572     0.060         5
    59.945     7.551     0.060         5
    60.106     7.528     0.060         5
    60.257     7.507     0.060         5
    60.407     7.486     0.060         5
    60.566     7.464     0.060         5
    60.716     7.443     0.060         5
    60.867     7.421     0.060         5
    61.021     7.399     0.060         5
    61.171     7.378     0.060         5
    61.314     7.357     0.060         5
    61.468     7.335     0.060         5
    61.619     7.314     0.060         5
    61.772     7.292     0.060         5
    61.923     7.270     0.060         5
    62.077     7.248     0.060         5
    62.227     7.227     0.060         5
    62.381     7.205     0.060         5
    62.532     7.183     0.060         5
    62.685     7.161     0.060         5
    62.839     7.139     0.060         5
    62.990     7.117     0.060         5
    63.143     7.095     0.060         5
    63.286     7.074     0.060         5
    63.440     7.052     0.060         5
    63.590     7.031     0.060         5
    63.733     7.010     0.060         5
    63.887     6.988     0.060         5
    64.041     6.965     0.060         5
    64.181     6.945     0.060         5
    64.334     6.923     0.060         5
    64.485     6.901     0.060         5
    64.635     6.880     0.060         5
    64.794     6.857     0.060         5
    64.942     6.835     0.060         5
    65.089     6.814     0.060         5
    65.251     6.790     0.060         5
    65.398     6.769     0.060         5
    65.546     6.747     0.060         5
    65.707     6.724     0.060         5
    65.858     6.702     0.060         5
    66.009     6.680     0.060         5
    66.167     6.657     0.060         5
    66.315     6.635     0.060         5
    66.473     6.612     0.060         5
    66.621     6.591     0.060         5
    66.782     6.567     0.060         5
    66.930     6.546     0.060         5
     7.790    15.207     0.060         5
     7.951    15.184     0.060         5
     8.116    15.159     0.060         5
     8.277    15.136     0.060         5
     8.441    15.112     0.060         5
     8.603    15.088     0.060         5
     8.778    15.062     0.060         5
     8.939    15.038     0.060         5
     9.103    15.014     0.060         5
     9.268    14.990     0.060         5
     9.429    14.966     0.060         5
     9.590    14.942     0.060         5
     9.752    14.917     0.060         5
     9.913    14.893     0.060         5
    10.074    14.868     0.060         5
    10.236    14.843     0.060         5
    10.387    14.821     0.060         5
    10.548    14.796     0.060         5
    10.715    14.771     0.060         5
    10.880    14.746     0.060         5
    11.044    14.721     0.060         5
    11.208    14.696     0.060         5
    11.380    14.669     0.060         5
    11.545    14.644     0.060         5
    11.706    14.620     0.060         5
    11.881    14.593     0.060         5
    12.042    14.569     0.060         5
    12.207    14.543     0.060         5
    12.379    14.517     0.060         5
    12.543    14.492     0.060         5
    12.705    14.468     0.060         5
    12.866    14.443     0.060         5
    13.027    14.419     0.060         5
    13.186    14.395     0.060         5
    13.347    14.371     0.060         5
    13.505    14.347     0.060         5
    13.656    14.324     0.060         5
    13.817    14.300     0.060         5
    13.979    14.276     0.060         5
    14.143    14.251     0.060         5
    14.304    14.227     0.060         5
    14.458    14.203     0.060         5
    14.619    14.179     0.060         5
    14.784    14.154     0.060         5
    14.945    14.130     0.060         5
    15.109    14.105     0.060         5
    15.271    14.081     0.060         5
    15.435    14.056     0.060         5
    15.600    14.031     0.060         5
    15.750    14.009     0.060         5
    15.922    13.983     0.060         5
    16.248    13.933     0.060         5
    16.412    13.908     0.060         5
    16.574    13.884     0.060         5
    16.738    13.859     0.060         5
    16.910    13.832     0.060         5
    17.074    13.807     0.060         5
    17.236    13.783     0.060         5
    17.397    13.758     0.060         5
    17.558    13.733     0.060         5
    17.709    13.710     0.060         5
    17.870    13.686     0.060         5
    18.032    13.661     0.060         5
    18.183    13.638     0.060         5
    18.341    13.614     0.060         5
    18.502    13.589     0.060         5
    18.656    13.566     0.060         5
    18.817    13.541     0.060         5
    18.979    13.517     0.060         5
    19.129    13.495     0.060         5
    19.291    13.471     0.060         5
    19.441    13.448     0.060         5
    19.603    13.424     0.060         5
    19.753    13.402     0.060         5
    19.915    13.377     0.060         5
    20.065    13.355     0.060         5
    20.216    13.333     0.060         5
    20.377    13.309     0.060         5
    20.531    13.286     0.060         5
    20.692    13.262     0.060         5
    20.843    13.239     0.060         5
    21.008    13.214     0.060         5
    21.158    13.192     0.060         5
    21.320    13.168     0.060         5
    21.473    13.146     0.060         5
    21.635    13.122     0.060         5
    21.785    13.100     0.060         5
    21.947    13.076     0.060         5
    22.100    13.054     0.060         5
    22.251    13.032     0.060         5
    22.402    13.010     0.060         5
    22.566    12.986     0.060         5
    22.717    12.963     0.060         5
    22.878    12.940     0.060         5
    23.032    12.917     0.060         5
    23.193    12.893     0.060         5
    23.344    12.870     0.060         5
    23.505    12.846     0.060         5
    23.656    12.823     0.060         5
    23.820    12.799     0.060         5
    23.981    12.775     0.060         5
    24.129    12.753     0.060         5
    24.290    12.729     0.060         5
    24.441    12.706     0.060         5
    24.600    12.682     0.060         5
    24.761    12.658     0.060         5
    24.922    12.634     0.060         5
    25.073    12.612     0.060         5
    25.231    12.588     0.060         5
    25.393    12.564     0.060         5
    25.543    12.541     0.060         5
    25.705    12.517     0.060         5
    25.855    12.494     0.060         5
    26.017    12.469     0.060         5
    26.167    12.446     0.060         5
    26.329    12.421     0.060         5
    26.479    12.398     0.060         5
    26.641    12.373     0.060         5
    26.794    12.350     0.060         5
    26.956    12.325     0.060         5
    27.117    12.301     0.060         5
    27.268    12.278     0.060         5
    27.432    12.253     0.060         5
    27.593    12.228     0.060         5
    27.744    12.205     0.060         5
    27.905    12.180     0.060         5
    28.067    12.156     0.060         5
    28.218    12.133     0.060         5
    28.379    12.109     0.060         5
    28.543    12.085     0.060         5
    28.694    12.064     0.060         5
    28.858    12.041     0.060         5
    29.020    12.017     0.060         5
    29.184    11.994     0.060         5
    29.335    11.973     0.060         5
    29.496    11.950     0.060         5
    29.660    11.926     0.060         5
    29.822    11.903     0.060         5
    29.972    11.882     0.060         5
    30.131    11.859     0.060         5
    30.284    11.838     0.060         5
    30.446    11.815     0.060         5
    30.610    11.791     0.060         5
    30.761    11.770     0.060         5
    30.922    11.747     0.060         5
    31.076    11.725     0.060         5
    31.237    11.702     0.060         5
    31.388    11.681     0.060         5
    31.552    11.656     0.060         5
    31.713    11.631     0.060         5
    31.878    11.606     0.060         5
    32.031    11.582     0.060         5
    32.196    11.557     0.060         5
    32.357    11.532     0.060         5
    32.521    11.507     0.060         5
    32.683    11.482     0.060         5
    32.844    11.457     0.060         5
    33.006    11.432     0.060         5
    33.156    11.409     0.060         5
    33.318    11.384     0.060         5
    33.482    11.359     0.060         5
    33.643    11.334     0.060         5
    33.808    11.308     0.060         5
    34.130    11.259     0.060         5
    34.292    11.234     0.060         5
    34.456    11.208     0.060         5
    34.617    11.184     0.060         5
    34.782    11.158     0.060         5
    34.943    11.133     0.060         5
    35.107    11.108     0.060         5
    35.279    11.082     0.060         5
    35.444    11.055     0.060         5
    35.605    11.028     0.060         5
    67.382     7.449     0.060        14
    67.532     7.427     0.060        14
    67.694     7.403     0.060        14
    67.844     7.382     0.060        14
    67.995     7.360     0.060        14
    68.149     7.338     0.060        14
    68.310     7.320     0.060        14
    68.461     7.297     0.060        14
    68.619     7.272     0.060        14
    68.770     7.248     0.060        14
    68.920     7.224     0.060        14
    69.082     7.197     0.060        14
    69.232     7.173     0.060        14
    69.394     7.146     0.060        14
    69.544     7.121     0.060        14
    69.698     7.096     0.060        14
    69.859     7.070     0.060        14
    70.007     7.045     0.060        14
    70.171     7.018     0.060        14
    70.322     6.992     0.060        14
    70.483     6.965     0.060        14
    70.637     6.939     0.060        14
    70.798     6.911     0.060        14
    70.949     6.885     0.060        14
    71.110     6.857     0.060        14
    71.261     6.830     0.060        14
    71.422     6.802     0.060        14
    71.573     6.776     0.060        14
    71.731     6.748     0.060        14
    71.892     6.719     0.060        14
    72.043     6.692     0.060        14
    72.207     6.662     0.060        14
    72.358     6.635     0.060        14
    72.512     6.607     0.060        14
    72.673     6.577     0.060        14
    72.827     6.550     0.060        14
    72.988     6.520     0.060        14
    73.139     6.493     0.060        14
    73.300     6.464     0.060        14
    73.451     6.436     0.060        14
    73.615     6.406     0.060        14
    73.769     6.377     0.060        14
    73.930     6.346     0.060        14
    74.091     6.315     0.060        14
    74.242     6.286     0.060        14
    74.393     6.256     0.060        14
    35.766    11.967     0.060        14
    35.931    11.940     0.060        14
    36.092    11.914     0.060        14
    36.253    11.887     0.060        14
    36.415    11.861     0.060        14
    36.584    11.833     0.060        14
    36.745    11.806     0.060        14
    36.906    11.780     0.060        14
    37.057    11.755     0.060        14
    37.383    11.702     0.060        14
    37.544    11.675     0.060        14
    37.705    11.647     0.060        14
    37.870    11.618     0.060        14
    38.031    11.590     0.060        14
    38.192    11.561     0.060        14
    38.357    11.533     0.060        14
    38.518    11.505     0.060        14
    38.679    11.477     0.060        14
    38.844    11.449     0.060        14
    39.005    11.421     0.060        14
    39.169    11.393     0.060        14
    39.331    11.365     0.060        14
    39.492    11.338     0.060        14
    39.656    11.310     0.060        14
    39.818    11.283     0.060        14
    39.982    11.256     0.060        14
    40.144    11.229     0.060        14
    40.305    11.202     0.060        14
    40.469    11.175     0.060        14
    40.631    11.150     0.060        14
    40.792    11.124     0.060        14
    40.967    11.096     0.060        14
    41.128    11.070     0.060        14
    41.287    11.045     0.060        14
    41.448    11.019     0.060        14
    41.599    10.995     0.060        14
    41.760    10.970     0.060        14
    41.921    10.944     0.060        14
    42.083    10.919     0.060        14
    42.244    10.893     0.060        14
    42.419    10.865     0.060        14
    42.570    10.841     0.060        14
    42.731    10.814     0.060        14
    42.882    10.790     0.060        14
    43.029    10.766     0.060        14
    43.191    10.739     0.060        14
    43.338    10.715     0.060        14
    43.500    10.689     0.060        14
    43.650    10.665     0.060        14
    43.812    10.638     0.060        14
    43.973    10.612     0.060        14
    44.127    10.587     0.060        14
    44.288    10.561     0.060        14
    44.449    10.535     0.060        14
    44.600    10.510     0.060        14
    44.761    10.483     0.060        14
    44.912    10.458     0.060        14
    45.066    10.432     0.060        14
    45.227    10.405     0.060        14
    45.391    10.377     0.060        14
    45.542    10.353     0.060        14
    45.706    10.326     0.060        14
    45.857    10.301     0.060        14
    46.018    10.274     0.060        14
    46.172    10.249     0.060        14
    46.333    10.223     0.060        14
    46.484    10.200     0.060        14
    46.648    10.175     0.060        14
    46.799    10.151     0.060        14
    46.963    10.126     0.060        14
    47.114    10.103     0.060        14
    47.278    10.079     0.060        14
    47.429    10.060     0.060        14
    47.590    10.039     0.060        14
    47.752    10.017     0.060        14
    47.902     9.998     0.060        14
    48.053     9.978     0.060        14
    48.217     9.957     0.060        14
    48.371     9.939     0.060        14
    48.532     9.922     0.060        14
    48.683     9.907     0.060        14
    48.847     9.890     0.060        14
    48.998     9.875     0.060        14
    49.159     9.858     0.060        14
    49.321     9.842     0.060        14
    49.471     9.826     0.060        14
    49.633     9.812     0.060        14
    49.794     9.799     0.060        14
    49.945     9.786     0.060        14
    50.098     9.774     0.060        14
    50.260     9.761     0.060        14
    50.413     9.748     0.060        14
    50.575     9.735     0.060        14
    50.739     9.721     0.060        14
    50.887     9.707     0.060        14
    51.048     9.692     0.060        14
    51.206     9.677     0.060        14
    51.357     9.663     0.060        14
    51.518     9.648     0.060        14
    51.672     9.634     0.060        14
    51.833     9.617     0.060        14
    51.984     9.601     0.060        14
    52.145     9.585     0.060        14
    52.293     9.569     0.060        14
    52.444     9.553     0.060        14
    52.605     9.537     0.060        14
    52.756     9.520     0.060        14
    52.906     9.500     0.060        14
    53.068     9.479     0.060        14
    53.218     9.459     0.060        14
    53.369     9.439     0.060        14
    53.520     9.419     0.060        14
    53.670     9.400     0.060        14
    53.821     9.380     0.060        14
    53.975     9.359     0.060        14
    54.125     9.338     0.060        14
    54.276     9.317     0.060        14
    54.430     9.296     0.060        14
    54.580     9.276     0.060        14
    54.734     9.255     0.060        14
    54.885     9.234     0.060        14
    55.035     9.213     0.060        14
    55.186     9.192     0.060        14
    55.340     9.170     0.060        14
    55.501     9.148     0.060        14
    55.652     9.126     0.060        14
    55.805     9.105     0.060        14
    55.956     9.084     0.060        14
    56.107     9.062     0.060        14
    56.260     9.041     0.060        14
    56.422     9.017     0.060        14
    56.572     8.996     0.060        14
    56.723     8.974     0.060        14
    56.881     8.951     0.060        14
    57.032     8.930     0.060        14
    57.183     8.908     0.060        14
    57.344     8.885     0.060        14
    57.495     8.863     0.060        14
    57.656     8.840     0.060        14
    57.807     8.819     0.060        14
    57.957     8.798     0.060        14
    58.108     8.776     0.060        14
    58.259     8.755     0.060        14
    58.409     8.734     0.060        14
    58.568     8.711     0.060        14
    58.718     8.690     0.060        14
    58.869     8.669     0.060        14
    59.016     8.648     0.060        14
    59.178     8.625     0.060        14
    59.331     8.604     0.060        14
    59.482     8.583     0.060        14
    59.643     8.560     0.060        14
    59.794     8.539     0.060        14
    59.945     8.518     0.060        14
    60.106     8.496     0.060        14
    60.257     8.475     0.060        14
    60.407     8.454     0.060        14
    60.566     8.431     0.060        14
    60.716     8.410     0.060        14
    60.867     8.389     0.060        14
    61.021     8.368     0.060        14
    61.171     8.346     0.060        14
    61.314     8.325     0.060        14
    61.468     8.303     0.060        14
    61.619     8.282     0.060        14
    61.772     8.260     0.060        14
    61.923     8.238     0.060        14
    62.077     8.216     0.060        14
    62.227     8.194     0.060        14
    62.381     8.172     0.060        14
    62.532     8.151     0.060        14
    62.685     8.129     0.060        14
    62.839     8.106     0.060        14
    62.990     8.085     0.060        14
    63.143     8.063     0.060        14
    63.286     8.042     0.060        14
    63.440     8.020     0.060        14
    63.590     7.998     0.060        14
    63.733     7.977     0.060        14
    63.887     7.955     0.060        14
    64.041     7.933     0.060        14
    64.181     7.912     0.060        14
    64.334     7.890     0.060        14
    64.485     7.868     0.060        14
    64.635     7.847     0.060        14
    64.794     7.824     0.060        14
    64.942     7.802     0.060        14
    65.089     7.781     0.060        14
    65.251     7.757     0.060        14
    65.398     7.736     0.060        14
    65.546     7.715     0.060        14
    65.707     7.691     0.060        14
    65.858     7.670     0.060        14
    66.009     7.648     0.060        14
    66.167     7.625     0.060        14
    66.315     7.603     0.060        14
    66.473     7.580     0.060        14
    66.621     7.559     0.060        14
    66.782     7.536     0.060        14
    66.930     7.514     0.060        14
    67.077     7.493     0.060        14
    67.228     7.471     0.060        14
     5.041    16.540     0.060        14
     5.205    16.520     0.060        14
     5.369    16.500     0.060        14
     5.541    16.480     0.060        14
     5.706    16.460     0.060        14
     5.867    16.438     0.060        14
     6.029    16.417     0.060        14
     6.190    16.395     0.060        14
     6.341    16.375     0.060        14
     6.505    16.353     0.060        14
     6.663    16.332     0.060        14
     6.825    16.310     0.060        14
     6.986    16.289     0.060        14
     7.147    16.267     0.060        14
     7.309    16.243     0.060        14
     7.467    16.220     0.060        14
     7.628    16.196     0.060        14
     7.790    16.172     0.060        14
     7.951    16.149     0.060        14
     8.116    16.124     0.060        14
     8.277    16.101     0.060        14
     8.441    16.077     0.060        14
     8.603    16.053     0.060        14
     8.778    16.027     0.060        14
     8.939    16.003     0.060        14
     9.103    15.978     0.060        14
     9.268    15.954     0.060        14
     9.429    15.930     0.060        14
     9.590    15.906     0.060        14
     9.752    15.882     0.060        14
     9.913    15.858     0.060        14
    10.074    15.834     0.060        14
    10.236    15.809     0.060        14
    10.387    15.786     0.060        14
    10.548    15.762     0.060        14
    10.715    15.736     0.060        14
    10.880    15.711     0.060        14
    11.044    15.686     0.060        14
    11.208    15.661     0.060        14
    11.380    15.635     0.060        14
    11.545    15.610     0.060        14
    11.706    15.585     0.060        14
    11.881    15.559     0.060        14
    12.042    15.534     0.060        14
    12.207    15.509     0.060        14
    12.379    15.482     0.060        14
    12.543    15.457     0.060        14
    12.705    15.433     0.060        14
    12.866    15.408     0.060        14
    13.027    15.383     0.060        14
    13.186    15.359     0.060        14
    13.347    15.335     0.060        14
    13.505    15.311     0.060        14
    13.656    15.289     0.060        14
    13.817    15.265     0.060        14
    13.979    15.240     0.060        14
    14.143    15.216     0.060        14
    14.304    15.192     0.060        14
    14.458    15.169     0.060        14
    14.619    15.145     0.060        14
    14.784    15.121     0.060        14
    14.945    15.097     0.060        14
    15.109    15.072     0.060        14
    15.271    15.047     0.060        14
    15.435    15.022     0.060        14
    15.600    14.997     0.060        14
    15.750    14.974     0.060        14
    15.922    14.948     0.060        14
    16.087    14.923     0.060        14
    16.248    14.898     0.060        14
    16.412    14.873     0.060        14
    16.574    14.848     0.060        14
    16.738    14.823     0.060        14
    16.910    14.797     0.060        14
    17.074    14.772     0.060        14
    17.236    14.747     0.060        14
    17.397    14.723     0.060        14
    17.558    14.698     0.060        14
    17.709    14.675     0.060        14
    17.870    14.650     0.060        14
    18.032    14.626     0.060        14
    18.183    14.603     0.060        14
    18.341    14.578     0.060        14
    18.502    14.554     0.060        14
    18.656    14.530     0.060        14
    18.817    14.506     0.060        14
    18.979    14.481     0.060        14
    19.129    14.459     0.060        14
    19.291    14.435     0.060        14
    19.441    14.412     0.060        14
    19.603    14.388     0.060        14
    19.753    14.366     0.060        14
    19.915    14.342     0.060        14
    20.065    14.319     0.060        14
    20.216    14.297     0.060        14
    20.377    14.273     0.060        14
    20.531    14.250     0.060        14
    20.692    14.226     0.060        14
    20.843    14.204     0.060        14
    21.008    14.179     0.060        14
    21.158    14.157     0.060        14
    21.320    14.133     0.060        14
    21.473    14.110     0.060        14
    21.635    14.087     0.060        14
    21.785    14.065     0.060        14
    21.947    14.041     0.060        14
    22.100    14.018     0.060        14
    22.251    13.996     0.060        14
    22.402    13.974     0.060        14
    22.566    13.950     0.060        14
    22.717    13.928     0.060        14
    22.878    13.904     0.060        14
    23.032    13.881     0.060        14
    23.193    13.857     0.060        14
    23.344    13.835     0.060        14
    23.505    13.811     0.060        14
    23.656    13.788     0.060        14
    23.820    13.764     0.060        14
    23.981    13.740     0.060        14
    24.129    13.718     0.060        14
    24.290    13.693     0.060        14
    24.441    13.671     0.060        14
    24.600    13.647     0.060        14
    24.761    13.623     0.060        14
    24.922    13.599     0.060        14
    25.073    13.576     0.060        14
    25.231    13.553     0.060        14
    25.393    13.529     0.060        14
    25.543    13.506     0.060        14
    25.705    13.482     0.060        14
    25.855    13.459     0.060        14
    26.017    13.434     0.060        14
    26.167    13.411     0.060        14
    26.329    13.386     0.060        14
    26.479    13.364     0.060        14
    26.641    13.339     0.060        14
    26.794    13.315     0.060        14
    26.956    13.291     0.060        14
    27.117    13.266     0.060        14
    27.268    13.243     0.060        14
    27.432    13.218     0.060        14
    27.593    13.193     0.060        14
    27.744    13.170     0.060        14
    27.905    13.146     0.060        14
    28.067    13.121     0.060        14
    28.218    13.098     0.060        14
    28.379    13.073     0.060        14
    28.543    13.050     0.060        14
    28.694    13.028     0.060        14
    28.858    13.005     0.060        14
    29.020    12.982     0.060        14
    29.184    12.959     0.060        14
    29.335    12.937     0.060        14
    29.496    12.914     0.060        14
    29.660    12.891     0.060        14
    29.822    12.868     0.060        14
    29.972    12.846     0.060        14
    30.131    12.824     0.060        14
    30.284    12.802     0.060        14
    30.446    12.779     0.060        14
    30.610    12.756     0.060        14
    30.761    12.734     0.060        14
    30.922    12.711     0.060        14
    31.076    12.689     0.060        14
    31.237    12.667     0.060        14
    31.388    12.645     0.060        14
    31.552    12.622     0.060        14
    31.713    12.597     0.060        14
    31.878    12.571     0.060        14
    32.031    12.548     0.060        14
    32.196    12.522     0.060        14
    32.357    12.497     0.060        14
    32.521    12.472     0.060        14
    32.683    12.447     0.060        14
    32.844    12.422     0.060        14
    33.006    12.397     0.060        14
    33.156    12.374     0.060        14
    33.318    12.349     0.060        14
    33.482    12.324     0.060        14
    33.643    12.299     0.060        14
    33.808    12.273     0.060        14
    33.969    12.249     0.060        14
    34.130    12.224     0.060        14
    34.292    12.199     0.060        14
    34.456    12.173     0.060        14
    34.617    12.149     0.060        14
    34.782    12.123     0.060        14
    34.943    12.098     0.060        14
    35.107    12.073     0.060        14
    35.279    12.047     0.060        14
    35.444    12.020     0.060        14
    35.605    11.994     0.060        14
    84.860     1.000     0.000         0
    85.083     1.993     0.060         1
    85.242     2.004     0.060         1
    85.402     2.020     0.060         1
    85.552     2.040     0.060         1
    85.715     2.067     0.060         1
    85.866     2.097     0.060         1
    86.027     2.134     0.060         1
    86.177     2.172     0.060         1
    86.341     2.219     0.060         1
    86.492     2.266     0.060         1
    86.656     2.320     0.060         1
    86.806     2.373     0.060         1
    86.968     2.434     0.060         1
    87.132     2.499     0.060         1
    87.282     2.560     0.060         1
    87.444     2.630     0.060         1
    87.594     2.696     0.060         1
    87.756     2.771     0.060         1
    87.920     2.848     0.060         1
    88.071     2.921     0.060         1
    88.232     3.000     0.060         1
    88.385     3.078     0.060         1
    88.536     3.155     0.060         1
    88.697     3.240     0.060         1
    88.851     3.322     0.060         1
    89.012     3.407     0.060         1
   262.298    30.499     0.060         8
   263.110    30.556     0.060         8
   264.081    30.645     0.060         8
   264.891    30.719     0.060         8
   265.882    30.811     0.060         8
   267.346    30.945     0.060         8
   269.119    31.109     0.060         8
   270.558    31.241     0.060         8
   271.355    31.314     0.060         8
   272.323    31.403     0.060         8
   273.454    31.507     0.060         8
   274.911    31.642     0.060         8
   275.572    31.702     0.060         8
   276.728    31.809     0.060         8
   277.528    31.882     0.060         8
   278.488    31.977     0.060         8
   279.772    32.124     0.060         8
   281.056    32.270     0.060         8
   281.696    32.343     0.060         8
   283.126    32.505     0.060         8
   283.927    32.573     0.060         8
   284.890    32.655     0.060         8
   285.848    32.737     0.060         8
   287.138    32.847     0.060         8
   288.101    32.929     0.060         8
   289.387    33.039     0.060         8
   290.201    33.109     0.060         8
    90.258     4.199     0.060        10
    90.724     4.303     0.060        10
    91.028     4.372     0.060        10
    91.354     4.445     0.060        10
    91.819     4.549     0.060        10
    92.134     4.620     0.060        10
    92.449     4.691     0.060        10
    92.764     4.762     0.060        10
    93.076     4.831     0.060        10
    93.237     4.867     0.060        10
    93.399     4.902     0.060        10
    93.549     4.934     0.060        10
    93.714     4.969     0.060        10
    93.875     5.003     0.060        10
    94.036     5.037     0.060        10
    94.187     5.069     0.060        10
    94.351     5.103     0.060        10
    94.513     5.137     0.060        10
    94.663     5.168     0.060        10
    94.825     5.201     0.060        10
    94.978     5.231     0.060        10
    94.663     5.168     0.060         5
    94.825     5.201     0.060         5
    94.978     5.231     0.060         5
    95.140     5.263     0.060         5
    95.301     5.295     0.060         5
    95.451     5.325     0.060         5
    95.616     5.358     0.060         5
    95.777     5.389     0.060         5
    95.938     5.419     0.060         5
    96.089     5.447     0.060         5
    96.250     5.476     0.060         5
    96.415     5.505     0.060         5
    96.565     5.531     0.060         5
    96.727     5.557     0.060         5
    96.880     5.581     0.060         5
    97.042     5.606     0.060         5
    97.203     5.632     0.060         5
    97.353     5.656     0.060         5
    97.515     5.683     0.060         5
    97.676     5.713     0.060         5
    97.827     5.742     0.060         5
    97.988     5.772     0.060         5
    98.146     5.803     0.060         5
    98.297     5.832     0.060         5
    98.458     5.863     0.060         5
    98.606     5.892     0.060         5
    98.767     5.923     0.060         5
    98.918     5.950     0.060         5
    99.068     5.971     0.060         5
    99.227     5.994     0.060         5
    99.377     6.014     0.060         5
    99.539     6.019     0.060         5
    99.689     6.019     0.060         5
    99.840     6.018     0.060         5
   100.001     6.017     0.060         5
   101.535     6.066     0.060         5
   101.689     6.083     0.060         5
   101.842     6.101     0.060         5
   101.993     6.119     0.060         5
   102.147     6.136     0.060         5
   102.297     6.154     0.060         5
   102.461     6.173     0.060         5
   102.612     6.190     0.060         5
   102.763     6.208     0.060         5
   102.916     6.226     0.060         5
   103.067     6.243     0.060         5
   103.218     6.261     0.060         5
   103.371     6.278     0.060         5
   103.522     6.296     0.060         5
   103.683     6.314     0.060         5
   103.837     6.332     0.060         5
   103.988     6.350     0.060         5
   104.152     6.369     0.060         5
   104.313     6.387     0.060         5
   104.467     6.405     0.060         5
   104.628     6.424     0.060         5
   104.792     6.443     0.060         5
   104.946     6.461     0.060         5
   105.107     6.479     0.060         5
   105.258     6.499     0.060         5
   105.422     6.522     0.060         5
   105.573     6.544     0.060         5
   105.727     6.566     0.060         5
   105.891     6.589     0.060         5
   106.042     6.610     0.060         5
   106.203     6.633     0.060         5
   106.367     6.656     0.060         5
   106.518     6.678     0.060         5
   106.679     6.701     0.060         5
   106.830     6.722     0.060         5
   106.991     6.745     0.060         5
   107.145     6.767     0.060         5
   107.295     6.788     0.060         5
   107.457     6.811     0.060         5
   107.607     6.832     0.060         5
   107.768     6.855     0.060         5
   107.922     6.877     0.060         5
   108.083     6.900     0.060         5
   108.234     6.921     0.060         5
   108.395     6.944     0.060         5
   108.543     6.970     0.060         5
   108.694     6.997     0.060         5
   108.855     7.025     0.060         5
   109.005     7.051     0.060         5
   109.167     7.080     0.060         5
   109.314     7.105     0.060         5
   109.479     7.134     0.060         5
   109.640     7.162     0.060         5
   109.791     7.189     0.060         5
   109.952     7.216     0.060         5
   110.103     7.239     0.060         5
   110.264     7.264     0.060         5
   110.417     7.287     0.060         5
   110.579     7.311     0.060         5
   110.729     7.334     0.060         5
   110.880     7.357     0.060         5
   111.041     7.381     0.060         5
   111.192     7.404     0.060         5
   111.353     7.429     0.060         5
   111.504     7.452     0.060         5
   111.665     7.476     0.060         5
   111.816     7.500     0.060         5
   111.977     7.525     0.060         5
   112.128     7.548     0.060         5
   112.289     7.573     0.060         5
   112.440     7.596     0.060         5
   112.587     7.619     0.060         5
   112.749     7.644     0.060         5
   112.899     7.667     0.060         5
   113.050     7.691     0.060         5
   113.200     7.714     0.060         5
   113.351     7.737     0.060         5
   113.509     7.762     0.060         5
   113.671     7.787     0.060         5
   113.832     7.812     0.060         5
   113.996     7.837     0.060         5
   114.147     7.861     0.060         5
   114.308     7.891     0.060         5
   114.469     7.922     0.060         5
   114.634     7.953     0.060         5
   114.795     7.983     0.060         5
   114.956     8.013     0.060         5
   115.118     8.044     0.060         5
   115.279     8.074     0.060         5
   115.440     8.103     0.060         5
   115.602     8.132     0.060         5
   115.763     8.161     0.060         5
   115.924     8.190     0.060         5
   116.085     8.220     0.060         5
   116.244     8.248     0.060         5
   116.394     8.275     0.060         5
   116.556     8.305     0.060         5
   116.714     8.333     0.060         5
   116.875     8.362     0.060         5
   117.026     8.390     0.060         5
   117.187     8.419     0.060         5
   117.345     8.448     0.060         5
   117.496     8.475     0.060         5
   117.657     8.504     0.060         5
   117.808     8.531     0.060         5
   117.969     8.560     0.060         5
   118.131     8.590     0.060         5
   118.292     8.619     0.060         5
   118.443     8.646     0.060         5
   118.604     8.674     0.060         5
   118.765     8.701     0.060         5
   118.929     8.728     0.060         5
   119.080     8.753     0.060         5
   119.241     8.780     0.060         5
   119.406     8.808     0.060         5
   119.567     8.835     0.060         5
   119.728     8.861     0.060         5
   119.890     8.886     0.060         5
   120.051     8.912     0.060         5
   120.212     8.937     0.060         5
   120.373     8.962     0.060         5
   120.535     8.987     0.060         5
   120.696     9.012     0.060         5
   120.857     9.037     0.060         5
   121.022     9.064     0.060         5
   121.183     9.091     0.060         5
   121.344     9.118     0.060         5
   121.508     9.146     0.060         5
   121.670     9.173     0.060         5
   121.831     9.200     0.060         5
   121.985     9.226     0.060         5
   122.146     9.253     0.060         5
   122.310     9.281     0.060         5
   122.472     9.309     0.060         5
   122.633     9.338     0.060         5
   122.797     9.368     0.060         5
   122.958     9.397     0.060         5
   123.109     9.425     0.060         5
   123.270     9.454     0.060         5
   123.421     9.482     0.060         5
   123.582     9.511     0.060         5
   123.733     9.538     0.060         5
   123.894     9.568     0.060         5
   124.045     9.594     0.060         5
   124.206     9.623     0.060         5
   124.367     9.651     0.060         5
   124.521     9.678     0.060         5
   124.685     9.707     0.060         5
   124.836     9.733     0.060         5
   124.997     9.762     0.060         5
   125.161     9.790     0.060         5
   125.312     9.815     0.060         5
   125.473     9.843     0.060         5
   125.635     9.870     0.060         5
   125.785     9.895     0.060         5
   125.947     9.923     0.060         5
   126.097     9.948     0.060         5
   126.248     9.973     0.060         5
   126.409     9.999     0.060         5
   126.560    10.024     0.060         5
   126.721    10.051     0.060         5
   126.872    10.075     0.060         5
   127.030    10.101     0.060         5
   127.181    10.126     0.060         5
   127.342    10.152     0.060         5
   127.493    10.175     0.060         5
   127.654    10.198     0.060         5
   127.804    10.220     0.060         5
   127.969    10.245     0.060         5
   128.119    10.267     0.060         5
   128.281    10.290     0.060         5
   128.445    10.314     0.060         5
   128.606    10.337     0.060         5
   128.770    10.360     0.060         5
   128.921    10.382     0.060         5
   129.085    10.405     0.060         5
   129.250    10.428     0.060         5
   129.411    10.451     0.060         5
   129.575    10.474     0.060         5
   129.736    10.497     0.060         5
   129.887    10.518     0.060         5
   130.051    10.541     0.060         5
   130.213    10.563     0.060         5
   130.377    10.586     0.060         5
   130.527    10.607     0.060         5
   130.692    10.630     0.060         5
   130.853    10.654     0.060         5
   131.017    10.679     0.060         5
   131.168    10.702     0.060         5
   131.329    10.727     0.060         5
   131.491    10.751     0.060         5
   131.655    10.776     0.060         5
   131.805    10.799     0.060         5
   131.970    10.824     0.060         5
   132.131    10.849     0.060         5
   132.295    10.875     0.060         5
   132.457    10.900     0.060         5
   132.621    10.925     0.060         5
   132.782    10.950     0.060         5
   132.946    10.976     0.060         5
   133.100    11.000     0.060         5
   133.261    11.025     0.060         5
   133.425    11.050     0.060         5
   133.587    11.078     0.060         5
   133.751    11.107     0.060         5
   133.912    11.135     0.060         5
   134.077    11.164     0.060         5
   134.238    11.192     0.060         5
   134.399    11.220     0.060         5
   134.563    11.248     0.060         5
   134.725    11.277     0.060         5
   134.889    11.305     0.060         5
   135.043    11.332     0.060         5
   135.204    11.360     0.060         5
   135.365    11.389     0.060         5
   135.529    11.417     0.060         5
   135.680    11.444     0.060         5
   135.841    11.472     0.060         5
   135.995    11.499     0.060         5
   136.156    11.528     0.060         5
   136.307    11.554     0.060         5
   136.471    11.583     0.060         5
   136.632    11.612     0.060         5
   136.786    11.639     0.060         5
   136.947    11.668     0.060         5
   137.098    11.695     0.060         5
   137.262    11.724     0.060         5
   137.423    11.753     0.060         5
   137.574    11.779     0.060         5
   137.738    11.805     0.060         5
   137.900    11.831     0.060         5
   138.050    11.855     0.060         5
   138.215    11.881     0.060         5
   138.365    11.905     0.060         5
   138.526    11.931     0.060         5
   138.688    11.957     0.060         5
   138.852    11.983     0.060         5
   139.003    12.007     0.060         5
   139.167    12.033     0.060         5
   139.328    12.059     0.060         5
   139.489    12.085     0.060         5
   139.654    12.111     0.060         5
   139.804    12.135     0.060         5
   139.966    12.161     0.060         5
   140.127    12.187     0.060         5
   140.291    12.213     0.060         5
   140.452    12.239     0.060         5
   140.614    12.265     0.060         5
   140.775    12.291     0.060         5
   140.929    12.315     0.060         5
   141.090    12.341     0.060         5
   225.238    25.319     0.060         5
   225.679    25.445     0.060         5
   226.123    25.564     0.060         5
   226.854    25.742     0.060         5
   227.586    25.920     0.060         5
   228.027    26.020     0.060         5
   228.748    26.182     0.060         5
   229.178    26.278     0.060         5
   229.595    26.365     0.060         5
   230.022    26.452     0.060         5
   230.439    26.538     0.060         5
   230.856    26.623     0.060         5
   230.993    26.649     0.060         5
   231.560    26.753     0.060         5
   231.987    26.831     0.060         5
   232.407    26.907     0.060         5
   232.985    27.003     0.060         5
   233.832    27.144     0.060         5
   234.668    27.258     0.060         5
   235.378    27.354     0.060         5
   235.809    27.412     0.060         5
   236.239    27.470     0.060         5
    96.089     6.434     0.060        14
    96.250     6.462     0.060        14
    96.415     6.490     0.060        14
    96.565     6.516     0.060        14
    96.727     6.542     0.060        14
    96.880     6.566     0.060        14
    97.042     6.591     0.060        14
    97.203     6.616     0.060        14
    97.353     6.639     0.060        14
    97.515     6.668     0.060        14
    97.676     6.697     0.060        14
    97.827     6.725     0.060        14
    97.988     6.754     0.060        14
    98.146     6.785     0.060        14
    98.297     6.813     0.060        14
    98.458     6.844     0.060        14
    98.606     6.872     0.060        14
    98.767     6.902     0.060        14
    98.918     6.927     0.060        14
    99.068     6.949     0.060        14
    99.227     6.971     0.060        14
    99.377     6.991     0.060        14
   109.640     8.134     0.060        14
   109.791     8.158     0.060        14
   109.952     8.182     0.060        14
   110.103     8.206     0.060        14
   110.264     8.231     0.060        14
   110.417     8.254     0.060        14
   110.579     8.279     0.060        14
   110.729     8.302     0.060        14
   110.880     8.326     0.060        14
   111.041     8.350     0.060        14
   111.192     8.374     0.060        14
   111.353     8.399     0.060        14
   111.504     8.422     0.060        14
   111.665     8.446     0.060        14
   111.816     8.468     0.060        14
   111.977     8.491     0.060        14
   112.128     8.512     0.060        14
   112.289     8.536     0.060        14
   112.440     8.557     0.060        14
   112.587     8.578     0.060        14
   112.749     8.602     0.060        14
   112.899     8.623     0.060        14
   113.050     8.645     0.060        14
   113.200     8.670     0.060        14
   113.351     8.697     0.060        14
   113.509     8.725     0.060        14
   113.671     8.754     0.060        14
   113.832     8.783     0.060        14
   113.996     8.813     0.060        14
   114.147     8.840     0.060        14
   114.308     8.869     0.060        14
   114.469     8.898     0.060        14
   114.634     8.928     0.060        14
   114.795     8.957     0.060        14
   114.956     8.986     0.060        14
   115.118     9.015     0.060        14
   115.279     9.044     0.060        14
   115.440     9.075     0.060        14
   115.602     9.106     0.060        14
   115.763     9.136     0.060        14
   115.924     9.167     0.060        14
   116.085     9.197     0.060        14
   116.244     9.228     0.060        14
   116.394     9.256     0.060        14
   116.556     9.287     0.060        14
   116.714     9.317     0.060        14
   116.875     9.346     0.060        14
   117.026     9.372     0.060        14
   117.187     9.400     0.060        14
   117.345     9.427     0.060        14
   117.496     9.453     0.060        14
   117.657     9.481     0.060        14
   117.808     9.507     0.060        14
   117.969     9.535     0.060        14
   118.131     9.563     0.060        14
   118.292     9.591     0.060        14
   118.443     9.618     0.060        14
   118.604     9.645     0.060        14
   118.765     9.673     0.060        14
   118.929     9.700     0.060        14
   119.080     9.725     0.060        14
   119.241     9.751     0.060        14
   119.406     9.778     0.060        14
   119.567     9.805     0.060        14
   119.728     9.831     0.060        14
   119.890     9.856     0.060        14
   120.051     9.881     0.060        14
   120.212     9.905     0.060        14
   120.373     9.930     0.060        14
   120.535     9.955     0.060        14
   120.696     9.981     0.060        14
   120.857    10.007     0.060        14
   121.022    10.034     0.060        14
   121.183    10.060     0.060        14
   121.344    10.086     0.060        14
   121.508    10.113     0.060        14
   121.670    10.140     0.060        14
   121.831    10.168     0.060        14
   121.985    10.195     0.060        14
   122.146    10.223     0.060        14
   122.310    10.251     0.060        14
   122.472    10.280     0.060        14
   122.633    10.308     0.060        14
   122.797    10.337     0.060        14
   122.958    10.366     0.060        14
   123.109    10.394     0.060        14
   123.270    10.423     0.060        14
   123.421    10.451     0.060        14
   123.733    10.508     0.060        14
   123.894    10.536     0.060        14
   124.206    10.592     0.060        14
   124.521    10.649     0.060        14
   124.836    10.704     0.060        14
   125.161    10.759     0.060        14
   125.473    10.812     0.060        14
   125.635    10.839     0.060        14
   126.097    10.916     0.060        14
   126.409    10.968     0.060        14
   126.872    11.044     0.060        14
   127.181    11.094     0.060        14
   127.493    11.144     0.060        14
   127.654    11.169     0.060        14
   127.969    11.216     0.060        14
   128.119    11.237     0.060        14
   128.445    11.283     0.060        14
   128.770    11.329     0.060        14
   129.085    11.374     0.060        14
   129.411    11.420     0.060        14
   129.575    11.443     0.060        14
   129.887    11.486     0.060        14
   130.051    11.509     0.060        14
   130.377    11.555     0.060        14
   130.527    11.577     0.060        14
   130.853    11.624     0.060        14
   131.168    11.670     0.060        14
   131.491    11.719     0.060        14
   131.655    11.744     0.060        14
   131.805    11.767     0.060        14
   132.131    11.817     0.060        14
   132.621    11.900     0.060        14
   132.946    11.955     0.060        14
   133.100    11.982     0.060        14
   133.425    12.037     0.060        14
   133.587    12.065     0.060        14
   134.077    12.149     0.060        14
   134.563    12.216     0.060        14
   134.725    12.245     0.060        14
   135.043    12.300     0.060        14
   135.365    12.353     0.060        14
   135.680    12.404     0.060        14
   135.995    12.456     0.060        14
   136.632    12.560     0.060        14
   136.786    12.585     0.060        14
   137.262    12.663     0.060        14
   137.574    12.714     0.060        14
   137.738    12.741     0.060        14
   138.050    12.792     0.060        14
   138.365    12.843     0.060        14
   138.688    12.896     0.060        14
   139.167    12.975     0.060        14
   139.328    13.001     0.060        14
   139.489    13.027     0.060        14
   139.804    13.079     0.060        14
   140.127    13.132     0.060        14
   140.291    13.158     0.060        14
     0.000     0.000     0.000        -1
