shot  ray i.angle  f.angle   dist     depth red.time  npts code
  -1   1   60.480  -63.331  432.012    0.00   5.017    21   4.1
  -1   2   60.538  -62.595  429.461    0.00   5.377    22   4.1
  -1   3   60.596  -62.280  428.094    0.00   5.601    23   4.1
  -1   4   60.653  -62.309  427.244    0.00   5.753    23   4.1
  -1   5   60.711  -62.353  426.417    0.00   5.901    24   4.1
  -1   6   60.769  -61.537  425.657    0.00   6.041    26   4.1
  -1   7   60.826  -61.357  425.190    0.00   6.150    25   4.1
  -1   8   60.884  -61.405  424.754    0.00   6.255    25   4.1
  -1   9   60.942  -61.460  424.299    0.00   6.363    25   4.1
  -1  10   60.999  -61.512  423.884    0.00   6.462    26   4.1
  -1  11   61.057  -61.743  423.499    0.00   6.555    28   4.1
  -1  12   61.115  -62.218  423.107    0.00   6.646    28   4.1
  -1  13   61.172  -62.266  422.624    0.00   6.744    28   4.1
  -1  14   61.230  -62.322  422.114    0.00   6.847    28   4.1
  -1  15   61.288  -62.412  421.660    0.00   6.939    30   4.1
  -1  16   61.345  -62.913  421.233    0.00   7.019    30   4.1
  -1  17   61.403  -63.012  420.784    0.00   7.101    30   4.1
  -1  18   61.460  -63.101  420.374    0.00   7.175    30   4.1
  -1  19   61.518  -63.479  419.989    0.00   7.247    30   4.1
  -1  20   61.576  -63.870  419.561    0.00   7.316    31   4.1
  -1  21   61.633  -64.003  419.088    0.00   7.387    31   4.1
  -1  22   61.691  -64.138  418.623    0.00   7.457    32   4.1
  -1  23   61.749  -64.265  418.192    0.00   7.520    32   4.1
  -1  24   61.806  -64.394  417.757    0.00   7.584    33   4.1
  -1  25   61.864  -64.939  417.407    0.00   7.628    34   4.1
  -1  26   61.922  -65.066  417.003    0.00   7.677    36   4.1
  -1  27   61.979  -65.177  416.636    0.00   7.722    36   4.1
  -1  28   62.037  -65.508  416.275    0.00   7.765    37   4.1
  -1  29   62.095  -65.783  415.917    0.00   7.804    37   4.1
  -1  30   62.152  -65.925  415.546    0.00   7.842    37   4.1
  -1  31   62.210  -65.039  415.057    0.00   7.889    38   4.1
  -1  32   62.268  -65.107  414.704    0.00   7.920    37   4.1
  -1  33   62.325  -65.162  414.327    0.00   7.953    37   4.1
  -1  34   62.383  -65.382  413.987    0.00   7.982    39   4.1
  -1  35   62.441  -65.541  413.663   -0.00   8.010    39   4.1
  -1  36   62.498  -65.678  413.325    0.00   8.038    37   4.1
  -1  37   62.556  -65.824  412.992    0.00   8.066    38   4.1
  -1  38   62.613  -65.964  412.693    0.00   8.091    38   4.1
  -1  39   62.671  -66.071  412.378    0.00   8.117    39   4.1
  -1  40   62.729  -66.105  412.049    0.00   8.146    40   4.1
  -1  41   62.786  -65.986  411.740    0.00   8.177    39   4.1
  -1  42   62.844  -66.085  411.445    0.00   8.207    40   4.1
  -1  43   62.902  -66.203  411.141    0.00   8.238    40   4.1
  -1  44   62.959  -66.307  410.861   -0.00   8.266    41   4.1
  -1  45   63.017  -66.432  410.572    0.00   8.294    41   4.1
  -1  46   63.075  -66.839  410.313    0.00   8.319    42   4.1
  -1  47   63.132  -67.129  410.041    0.00   8.341    42   4.1
  -1  48   63.190  -67.154  409.736    0.00   8.360    42   4.1
  -1  49   63.248  -67.408  409.436    0.00   8.377    41   4.1
  -1  50   63.305  -67.521  409.186    0.00   8.390    43   4.1
   1   1   65.798  -60.497  440.243    0.00   5.009    23   4.1
   1   2   65.852  -62.278  441.613    0.00   5.281    24   4.1
   1   3   65.905  -62.140  442.773    0.00   5.482    23   4.1
   1   4   65.958  -62.401  443.855    0.00   5.665    25   4.1
   1   5   66.011  -62.366  444.872    0.00   5.834    27   4.1
   1   6   66.065  -62.718  445.656    0.00   5.963    27   4.1
   1   7   66.118  -62.803  446.411    0.00   6.083    29   4.1
   1   8   66.171  -62.797  447.132    0.00   6.197    29   4.1
   1   9   66.225  -62.820  447.823    0.00   6.306    31   4.1
   1  10   66.278  -63.108  448.402    0.00   6.397    32   4.1
   1  11   66.331  -63.145  449.023    0.00   6.485    32   4.1
   1  12   66.385  -63.198  449.712    0.00   6.582    33   4.1
   1  13   66.438  -63.239  450.262    0.00   6.659    33   4.1
   1  14   66.491  -63.291  450.841    0.00   6.740    33   4.1
   1  15   66.545  -63.651  451.350    0.00   6.811    35   4.1
   1  16   66.598  -63.750  451.881    0.00   6.875    35   4.1
   1  17   66.651  -63.837  452.479    0.00   6.946    35   4.1
   1  18   66.704  -63.917  452.993    0.00   7.006    36   4.1
   1  19   66.758  -64.002  453.510    0.00   7.067    36   4.1
   1  20   66.811  -64.088  454.015    0.00   7.126    37   4.1
   1  21   66.864  -64.161  454.458    0.00   7.177    37   4.1
   1  22   66.918  -64.245  454.937    0.00   7.232    37   4.1
   1  23   66.971  -64.323  455.380    0.00   7.283    38   4.1
   1  24   67.024  -64.710  455.788    0.00   7.328    39   4.1
   1  25   67.078  -64.824  456.249    0.00   7.376    38   4.1
   1  26   67.131  -64.900  456.669    0.00   7.420    39   4.1
   1  27   67.184  -64.957  457.029    0.00   7.457    40   4.1
   1  28   67.238  -64.975  457.402    0.00   7.495    40   4.1
   1  29   67.291  -65.042  457.796    0.00   7.537    40   4.1
   1  30   67.344  -65.110  458.171    0.00   7.576    40   4.1
   1  31   67.397  -65.175  458.514    0.00   7.611    40   4.1
   1  32   67.451  -65.246  458.903    0.00   7.652    41   4.1
   1  33   67.504  -65.303  459.225    0.00   7.685    41   4.1
   1  34   67.557  -65.376  459.617    0.00   7.725    41   4.1
   1  35   67.611  -65.446  459.974    0.00   7.761    41   4.1
   1  36   67.664  -65.506  460.305    0.00   7.794    42   4.1
   1  37   67.717  -65.562  460.611    0.00   7.825    42   4.1
   1  38   67.771  -65.638  461.014    0.00   7.865    42   4.1
   1  39   67.824  -65.701  461.328    0.00   7.897    42   4.1
   1  40   67.877  -65.711  461.677   -0.00   7.931    44   4.1
   1  41   67.931  -65.466  462.034    0.00   7.968    44   4.1
   1  42   67.984  -65.504  462.299    0.00   7.999    44   4.1
   1  43   68.037  -65.551  462.621    0.00   8.036    44   4.1
   1  44   68.090  -65.594  462.904    0.00   8.069    44   4.1
   1  45   68.144  -65.648  463.240    0.00   8.108    44   4.1
   1  46   68.197  -65.698  463.561    0.00   8.144    45   4.1
   1  47   68.250  -65.745  463.856    0.00   8.178    45   4.1
   1  48   68.304  -65.789  464.127    0.00   8.209    45   4.1
   1  49   68.357  -65.843  464.441    0.00   8.244    46   4.1
   1  50   68.410  -65.884  464.688    0.00   8.272    46   4.1

|----------------------------------------------------------------|
|                                                                |
| total of    146 rays consisting of     4321 points were traced |
|                                                                |
|           model consists of  7 layers and *** blocks           |
|                                                                |
|----------------------------------------------------------------|

