   436.910    -1.000     0.000         0
   432.012     5.833     0.010         1
   429.461     6.619     0.010         1
   428.094     7.070     0.010         1
   427.244     7.364     0.010         1
   426.417     7.650     0.010         1
   425.657     7.916     0.010         1
   425.190     8.104     0.010         1
   424.754     8.281     0.010         1
   424.299     8.465     0.010         1
   423.884     8.633     0.010         1
   423.499     8.791     0.010         1
   423.107     8.946     0.010         1
   422.624     9.125     0.010         1
   422.114     9.313     0.010         1
   421.660     9.481     0.010         1
   421.233     9.632     0.010         1
   420.783     9.789     0.010         1
   420.374     9.931     0.010         1
   419.989    10.067     0.010         1
   419.561    10.208     0.010         1
   419.088    10.357     0.010         1
   418.623    10.504     0.010         1
   418.192    10.640     0.010         1
   417.757    10.776     0.010         1
   417.407    10.878     0.010         1
   417.003    10.995     0.010         1
   416.636    11.101     0.010         1
   416.275    11.205     0.010         1
   415.917    11.303     0.010         1
   415.546    11.403     0.010         1
   415.057    11.531     0.010         1
   414.704    11.621     0.010         1
   414.327    11.717     0.010         1
   413.987    11.803     0.010         1
   413.663    11.884     0.010         1
   413.325    11.969     0.010         1
   412.992    12.053     0.010         1
   412.693    12.127     0.010         1
   412.378    12.205     0.010         1
   412.049    12.289     0.010         1
   411.740    12.372     0.010         1
   411.445    12.451     0.010         1
   411.141    12.533     0.010         1
   410.861    12.607     0.010         1
   410.572    12.684     0.010         1
   410.313    12.752     0.010         1
   410.041    12.819     0.010         1
   409.736    12.889     0.010         1
   409.436    12.956     0.010         1
   409.186    13.011     0.010         1
   436.910     1.000     0.000         0
   440.243     5.564     0.010         1
   441.613     6.064     0.010         1
   442.773     6.459     0.010         1
   443.855     6.823     0.010         1
   444.872     7.161     0.010         1
   445.656     7.420     0.010         1
   446.411     7.667     0.010         1
   447.132     7.901     0.010         1
   447.823     8.125     0.010         1
   448.402     8.312     0.010         1
   449.023     8.503     0.010         1
   449.713     8.716     0.010         1
   450.262     8.884     0.010         1
   450.841     9.062     0.010         1
   451.350     9.218     0.010         1
   451.881     9.370     0.010         1
   452.479     9.541     0.010         1
   452.993     9.687     0.010         1
   453.510     9.834     0.010         1
   454.015     9.977     0.010         1
   454.458    10.102     0.010         1
   454.937    10.237     0.010         1
   455.380    10.362     0.010         1
   455.788    10.474     0.010         1
   456.249    10.599     0.010         1
   456.669    10.713     0.010         1
   457.029    10.810     0.010         1
   457.402    10.911     0.010         1
   457.796    11.018     0.010         1
   458.171    11.119     0.010         1
   458.514    11.212     0.010         1
   458.903    11.317     0.010         1
   459.225    11.404     0.010         1
   459.617    11.509     0.010         1
   459.974    11.605     0.010         1
   460.305    11.694     0.010         1
   460.611    11.775     0.010         1
   461.014    11.883     0.010         1
   461.328    11.966     0.010         1
   461.677    12.059     0.010         1
   462.034    12.156     0.010         1
   462.299    12.231     0.010         1
   462.621    12.322     0.010         1
   462.904    12.401     0.010         1
   463.240    12.496     0.010         1
   463.561    12.586     0.010         1
   463.856    12.669     0.010         1
   464.127    12.745     0.010         1
   464.440    12.833     0.010         1
   464.688    12.902     0.010         1
     0.000     0.000     0.000        -1
