    54.860    -1.000     0.000         0
    37.383     6.014     0.060         5
    37.544     5.985     0.060         5
    37.705     5.956     0.060         5
    37.870     5.927     0.060         5
    38.031     5.898     0.060         5
    38.192     5.869     0.060         5
    38.357     5.840     0.060         5
    38.518     5.811     0.060         5
    38.679     5.780     0.060         5
    38.844     5.748     0.060         5
    39.005     5.717     0.060         5
    39.169     5.685     0.060         5
    39.331     5.654     0.060         5
    39.492     5.623     0.060         5
    39.656     5.592     0.060         5
    39.818     5.560     0.060         5
    39.982     5.528     0.060         5
    40.144     5.496     0.060         5
    40.305     5.465     0.060         5
    40.469     5.434     0.060         5
    40.631     5.403     0.060         5
    40.792     5.372     0.060         5
    40.967     5.338     0.060         5
    41.128     5.307     0.060         5
    41.287     5.276     0.060         5
    41.448     5.244     0.060         5
    41.599     5.214     0.060         5
    41.760     5.183     0.060         5
    41.921     5.151     0.060         5
    42.082     5.118     0.060         5
    42.244     5.084     0.060         5
    42.419     5.047     0.060         5
    42.570     5.015     0.060         5
    42.731     4.981     0.060         5
    42.881     4.950     0.060         5
    43.029     4.919     0.060         5
    43.190     4.885     0.060         5
    43.338     4.853     0.060         5
    43.499     4.819     0.060         5
    43.650     4.786     0.060         5
    43.811     4.751     0.060         5
    43.973     4.716     0.060         5
    44.126     4.682     0.060         5
    44.288     4.646     0.060         5
    44.449     4.609     0.060         5
    44.600     4.574     0.060         5
    44.761     4.537     0.060         5
    44.912     4.503     0.060         5
    45.065     4.467     0.060         5
    45.227     4.430     0.060         5
    45.391     4.392     0.060         5
    45.542     4.357     0.060         5
    45.706     4.319     0.060         5
    45.857     4.285     0.060         5
    46.018     4.248     0.060         5
    46.172     4.213     0.060         5
    46.333     4.176     0.060         5
    46.484     4.142     0.060         5
    46.648     4.105     0.060         5
    46.799     4.072     0.060         5
    46.963     4.036     0.060         5
    47.114     4.003     0.060         5
    47.278     3.969     0.060         5
    47.429     3.939     0.060         5
    47.590     3.907     0.060         5
    47.752     3.875     0.060         5
    47.902     3.846     0.060         5
    48.053     3.816     0.060         5
    48.217     3.785     0.060         5
    48.371     3.757     0.060         5
     3.394    11.331     0.060         5
     3.558    11.310     0.060         5
     3.719    11.289     0.060         5
     3.881    11.269     0.060         5
     4.056    11.247     0.060         5
     4.217    11.227     0.060         5
     4.379    11.206     0.060         5
     4.543    11.185     0.060         5
     4.704    11.165     0.060         5
     4.879    11.143     0.060         5
     5.041    11.122     0.060         5
     5.205    11.102     0.060         5
     5.369    11.081     0.060         5
     5.541    11.057     0.060         5
     5.706    11.034     0.060         5
     5.867    11.012     0.060         5
     6.029    10.989     0.060         5
     6.190    10.967     0.060         5
     6.341    10.946     0.060         5
     6.505    10.923     0.060         5
     6.663    10.901     0.060         5
     6.825    10.878     0.060         5
     6.986    10.856     0.060         5
     7.147    10.833     0.060         5
     7.309    10.811     0.060         5
     7.467    10.789     0.060         5
     7.628    10.765     0.060         5
     7.790    10.740     0.060         5
     7.951    10.715     0.060         5
     8.116    10.689     0.060         5
     8.277    10.664     0.060         5
     8.441    10.639     0.060         5
     8.603    10.615     0.060         5
     8.778    10.588     0.060         5
     8.939    10.563     0.060         5
     9.103    10.537     0.060         5
     9.268    10.512     0.060         5
     9.429    10.486     0.060         5
     9.590    10.461     0.060         5
     9.752    10.435     0.060         5
     9.913    10.410     0.060         5
    10.074    10.385     0.060         5
    10.236    10.359     0.060         5
    10.387    10.335     0.060         5
    10.548    10.309     0.060         5
    10.715    10.282     0.060         5
    10.880    10.255     0.060         5
    11.044    10.229     0.060         5
    11.208    10.203     0.060         5
    11.380    10.176     0.060         5
    11.545    10.150     0.060         5
    11.706    10.124     0.060         5
    11.881    10.096     0.060         5
    12.042    10.070     0.060         5
    12.207    10.043     0.060         5
    12.379    10.016     0.060         5
    12.543     9.989     0.060         5
    12.705     9.963     0.060         5
    12.866     9.937     0.060         5
    13.027     9.911     0.060         5
    13.186     9.886     0.060         5
    13.347     9.860     0.060         5
    13.505     9.835     0.060         5
    13.656     9.810     0.060         5
    13.817     9.785     0.060         5
    13.979     9.759     0.060         5
    14.143     9.733     0.060         5
    14.304     9.708     0.060         5
    14.458     9.685     0.060         5
    14.619     9.660     0.060         5
    14.784     9.634     0.060         5
    14.945     9.609     0.060         5
    15.109     9.584     0.060         5
    15.271     9.558     0.060         5
    15.435     9.531     0.060         5
    15.600     9.505     0.060         5
    15.750     9.481     0.060         5
    15.922     9.453     0.060         5
    16.087     9.426     0.060         5
    16.248     9.400     0.060         5
    16.412     9.373     0.060         5
    16.574     9.347     0.060         5
    16.738     9.321     0.060         5
    16.910     9.293     0.060         5
    17.074     9.265     0.060         5
    17.236     9.239     0.060         5
    17.397     9.212     0.060         5
    17.558     9.186     0.060         5
    17.709     9.162     0.060         5
    17.870     9.136     0.060         5
    18.032     9.110     0.060         5
    18.183     9.086     0.060         5
    18.341     9.061     0.060         5
    18.502     9.036     0.060         5
    18.656     9.011     0.060         5
    18.817     8.985     0.060         5
    18.979     8.959     0.060         5
    19.129     8.935     0.060         5
    19.291     8.910     0.060         5
    19.441     8.886     0.060         5
    19.603     8.860     0.060         5
    19.753     8.837     0.060         5
    19.915     8.811     0.060         5
    20.065     8.788     0.060         5
    20.216     8.764     0.060         5
    20.377     8.739     0.060         5
    20.531     8.715     0.060         5
    20.692     8.690     0.060         5
    20.843     8.666     0.060         5
    21.008     8.640     0.060         5
    21.158     8.616     0.060         5
    21.320     8.591     0.060         5
    21.473     8.567     0.060         5
    21.635     8.541     0.060         5
    21.785     8.518     0.060         5
    21.947     8.493     0.060         5
    22.100     8.469     0.060         5
    22.251     8.446     0.060         5
    22.402     8.423     0.060         5
    22.566     8.398     0.060         5
    22.717     8.375     0.060         5
    22.878     8.349     0.060         5
    23.032     8.325     0.060         5
    23.193     8.299     0.060         5
    23.344     8.275     0.060         5
    23.505     8.249     0.060         5
    23.656     8.225     0.060         5
    23.820     8.198     0.060         5
    23.981     8.173     0.060         5
    24.129     8.149     0.060         5
    24.291     8.124     0.060         5
    24.441     8.100     0.060         5
    24.600     8.075     0.060         5
    24.761     8.050     0.060         5
    24.922     8.026     0.060         5
    25.073     8.002     0.060         5
    25.231     7.978     0.060         5
    25.393     7.952     0.060         5
    25.543     7.929     0.060         5
    25.705     7.903     0.060         5
    25.855     7.879     0.060         5
    26.017     7.853     0.060         5
    26.167     7.829     0.060         5
    26.329     7.803     0.060         5
    26.479     7.778     0.060         5
    26.641     7.752     0.060         5
    26.794     7.727     0.060         5
    26.956     7.701     0.060         5
    27.117     7.675     0.060         5
    27.268     7.650     0.060         5
    27.432     7.623     0.060         5
    27.593     7.597     0.060         5
    27.744     7.573     0.060         5
    27.905     7.548     0.060         5
    28.067     7.522     0.060         5
    28.217     7.498     0.060         5
    28.379     7.473     0.060         5
    28.543     7.447     0.060         5
    28.694     7.424     0.060         5
    28.858     7.399     0.060         5
    29.020     7.374     0.060         5
    29.184     7.350     0.060         5
    29.335     7.327     0.060         5
    29.496     7.302     0.060         5
    29.660     7.278     0.060         5
    29.822     7.254     0.060         5
    29.972     7.232     0.060         5
    30.131     7.209     0.060         5
    30.284     7.186     0.060         5
    30.446     7.162     0.060         5
    30.610     7.138     0.060         5
    30.761     7.115     0.060         5
    30.922     7.090     0.060         5
    31.076     7.066     0.060         5
    31.237     7.042     0.060         5
    31.388     7.018     0.060         5
    31.552     6.993     0.060         5
    31.713     6.968     0.060         5
    31.878     6.941     0.060         5
    32.031     6.916     0.060         5
    32.196     6.889     0.060         5
    32.357     6.862     0.060         5
    32.521     6.835     0.060         5
    32.683     6.809     0.060         5
    32.844     6.782     0.060         5
    33.006     6.755     0.060         5
    33.156     6.731     0.060         5
    33.318     6.704     0.060         5
    33.482     6.677     0.060         5
    33.643     6.650     0.060         5
    33.808     6.623     0.060         5
    33.969     6.597     0.060         5
    34.130     6.570     0.060         5
    34.292     6.544     0.060         5
    34.456     6.517     0.060         5
    34.617     6.491     0.060         5
    34.782     6.464     0.060         5
    34.943     6.438     0.060         5
    35.107     6.412     0.060         5
    35.279     6.384     0.060         5
    35.444     6.357     0.060         5
    35.605     6.331     0.060         5
    35.766     6.303     0.060         5
    35.931     6.273     0.060         5
    36.092     6.244     0.060         5
    36.253     6.216     0.060         5
    36.415     6.187     0.060         5
    36.584     6.157     0.060         5
    36.745     6.128     0.060         5
    36.906     6.099     0.060         5
    37.057     6.072     0.060         5
    37.221     6.043     0.060         5
    37.705     6.344     0.060        14
    37.870     6.315     0.060        14
    38.031     6.286     0.060        14
    38.192     6.257     0.060        14
    38.357     6.228     0.060        14
    38.518     6.199     0.060        14
    38.679     6.170     0.060        14
    38.844     6.139     0.060        14
    39.005     6.108     0.060        14
    39.169     6.077     0.060        14
    39.331     6.046     0.060        14
    39.492     6.015     0.060        14
    39.656     5.984     0.060        14
    39.818     5.953     0.060        14
    39.982     5.921     0.060        14
    40.144     5.890     0.060        14
    40.305     5.859     0.060        14
    40.469     5.828     0.060        14
    40.631     5.797     0.060        14
    40.792     5.767     0.060        14
    40.967     5.733     0.060        14
    41.128     5.702     0.060        14
    41.287     5.671     0.060        14
    41.448     5.640     0.060        14
    41.599     5.611     0.060        14
    41.760     5.579     0.060        14
    41.921     5.548     0.060        14
    42.082     5.516     0.060        14
    42.244     5.482     0.060        14
    42.419     5.445     0.060        14
    42.570     5.414     0.060        14
    42.731     5.380     0.060        14
    42.881     5.349     0.060        14
    43.029     5.319     0.060        14
    43.190     5.285     0.060        14
    43.338     5.254     0.060        14
    43.499     5.220     0.060        14
    43.650     5.187     0.060        14
    43.811     5.153     0.060        14
    43.973     5.118     0.060        14
    44.126     5.085     0.060        14
    44.288     5.050     0.060        14
    44.449     5.013     0.060        14
    44.600     4.979     0.060        14
    44.761     4.942     0.060        14
    44.912     4.908     0.060        14
    45.065     4.873     0.060        14
    45.227     4.836     0.060        14
    45.391     4.798     0.060        14
    45.542     4.764     0.060        14
    45.706     4.726     0.060        14
    45.857     4.692     0.060        14
    46.018     4.656     0.060        14
    46.172     4.621     0.060        14
     8.778    10.974     0.060        14
     8.939    10.949     0.060        14
     9.103    10.924     0.060        14
     9.268    10.898     0.060        14
     9.429    10.873     0.060        14
     9.590    10.847     0.060        14
     9.752    10.822     0.060        14
     9.913    10.796     0.060        14
    10.074    10.771     0.060        14
    10.236    10.745     0.060        14
    10.387    10.721     0.060        14
    10.548    10.695     0.060        14
    10.715    10.668     0.060        14
    10.880    10.641     0.060        14
    11.044    10.615     0.060        14
    11.208    10.590     0.060        14
    11.380    10.562     0.060        14
    11.545    10.536     0.060        14
    11.706    10.510     0.060        14
    11.881    10.482     0.060        14
    12.042    10.456     0.060        14
    12.207    10.430     0.060        14
    12.379    10.402     0.060        14
    12.543    10.375     0.060        14
    12.705    10.349     0.060        14
    12.866    10.324     0.060        14
    13.027    10.298     0.060        14
    13.186    10.272     0.060        14
    13.347    10.246     0.060        14
    13.505    10.221     0.060        14
    13.656    10.197     0.060        14
    13.817    10.171     0.060        14
    13.979    10.146     0.060        14
    14.143    10.120     0.060        14
    14.304    10.095     0.060        14
    14.458    10.071     0.060        14
    14.619    10.046     0.060        14
    14.784    10.021     0.060        14
    14.945     9.996     0.060        14
    15.109     9.969     0.060        14
    15.271     9.943     0.060        14
    15.435     9.917     0.060        14
    15.600     9.890     0.060        14
    15.750     9.866     0.060        14
    15.922     9.838     0.060        14
    16.087     9.811     0.060        14
    16.248     9.785     0.060        14
    16.412     9.759     0.060        14
    16.574     9.732     0.060        14
    16.738     9.706     0.060        14
    16.910     9.678     0.060        14
    17.074     9.651     0.060        14
    17.236     9.625     0.060        14
    17.397     9.599     0.060        14
    17.558     9.573     0.060        14
    17.709     9.549     0.060        14
    17.870     9.525     0.060        14
    18.032     9.499     0.060        14
    18.183     9.475     0.060        14
    18.341     9.449     0.060        14
    18.502     9.423     0.060        14
    18.656     9.399     0.060        14
    18.817     9.373     0.060        14
    18.979     9.347     0.060        14
    19.129     9.322     0.060        14
    19.291     9.296     0.060        14
    19.441     9.272     0.060        14
    19.603     9.247     0.060        14
    19.753     9.224     0.060        14
    19.915     9.198     0.060        14
    20.065     9.175     0.060        14
    20.216     9.151     0.060        14
    20.377     9.126     0.060        14
    20.531     9.102     0.060        14
    20.692     9.076     0.060        14
    20.843     9.053     0.060        14
    21.008     9.027     0.060        14
    21.158     9.004     0.060        14
    21.320     8.978     0.060        14
    21.473     8.954     0.060        14
    21.635     8.928     0.060        14
    21.785     8.904     0.060        14
    21.947     8.879     0.060        14
    22.100     8.856     0.060        14
    22.251     8.833     0.060        14
    22.402     8.810     0.060        14
    22.566     8.785     0.060        14
    22.717     8.762     0.060        14
    22.878     8.737     0.060        14
    23.032     8.712     0.060        14
    23.193     8.686     0.060        14
    23.344     8.662     0.060        14
    23.505     8.636     0.060        14
    23.656     8.612     0.060        14
    23.820     8.586     0.060        14
    23.981     8.560     0.060        14
    24.129     8.537     0.060        14
    24.291     8.511     0.060        14
    24.441     8.487     0.060        14
    24.600     8.462     0.060        14
    24.761     8.438     0.060        14
    24.922     8.413     0.060        14
    25.073     8.390     0.060        14
    25.231     8.365     0.060        14
    25.393     8.339     0.060        14
    25.543     8.316     0.060        14
    25.705     8.290     0.060        14
    25.855     8.266     0.060        14
    26.017     8.240     0.060        14
    26.167     8.216     0.060        14
    26.329     8.190     0.060        14
    26.479     8.165     0.060        14
    26.641     8.139     0.060        14
    26.794     8.114     0.060        14
    26.956     8.087     0.060        14
    27.117     8.061     0.060        14
    27.268     8.036     0.060        14
    27.432     8.010     0.060        14
    27.593     7.984     0.060        14
    27.744     7.960     0.060        14
    27.905     7.935     0.060        14
    28.067     7.909     0.060        14
    28.217     7.885     0.060        14
    28.379     7.860     0.060        14
    28.543     7.834     0.060        14
    28.694     7.811     0.060        14
    28.858     7.786     0.060        14
    29.020     7.760     0.060        14
    29.184     7.735     0.060        14
    29.335     7.711     0.060        14
    29.496     7.686     0.060        14
    29.660     7.660     0.060        14
    29.822     7.635     0.060        14
    29.972     7.611     0.060        14
    30.131     7.586     0.060        14
    30.284     7.562     0.060        14
    30.446     7.537     0.060        14
    30.610     7.511     0.060        14
    30.761     7.488     0.060        14
    30.922     7.462     0.060        14
    31.076     7.438     0.060        14
    31.237     7.413     0.060        14
    31.388     7.389     0.060        14
    31.552     7.364     0.060        14
    31.713     7.338     0.060        14
    31.878     7.313     0.060        14
    32.031     7.289     0.060        14
    32.196     7.263     0.060        14
    32.357     7.238     0.060        14
    32.521     7.212     0.060        14
    32.683     7.186     0.060        14
    32.844     7.161     0.060        14
    33.006     7.136     0.060        14
    33.156     7.112     0.060        14
    33.318     7.087     0.060        14
    33.482     7.061     0.060        14
    33.643     7.036     0.060        14
    33.808     7.010     0.060        14
    33.969     6.984     0.060        14
    34.130     6.958     0.060        14
    34.292     6.932     0.060        14
    34.456     6.905     0.060        14
    34.617     6.879     0.060        14
    34.782     6.852     0.060        14
    34.943     6.826     0.060        14
    35.107     6.799     0.060        14
    35.279     6.772     0.060        14
    35.444     6.745     0.060        14
    35.605     6.719     0.060        14
    35.766     6.690     0.060        14
    35.931     6.661     0.060        14
    36.092     6.632     0.060        14
    36.253     6.603     0.060        14
    36.415     6.574     0.060        14
    36.584     6.544     0.060        14
    36.745     6.515     0.060        14
    36.906     6.487     0.060        14
    37.057     6.460     0.060        14
    37.221     6.430     0.060        14
    37.383     6.401     0.060        14
    37.544     6.373     0.060        14
    36.415     8.986     0.060        24
    36.584     8.938     0.060        24
    36.745     8.892     0.060        24
    36.906     8.846     0.060        24
    37.057     8.802     0.060        24
    37.221     8.754     0.060        24
    37.383     8.706     0.060        24
    37.544     8.658     0.060        24
    37.705     8.609     0.060        24
    37.870     8.560     0.060        24
    38.031     8.511     0.060        24
    38.192     8.461     0.060        24
    38.357     8.410     0.060        24
    38.518     8.360     0.060        24
    38.679     8.309     0.060        24
    38.844     8.256     0.060        24
    39.005     8.203     0.060        24
    39.169     8.150     0.060        24
    39.331     8.096     0.060        24
    39.492     8.042     0.060        24
    39.656     7.987     0.060        24
    39.818     7.933     0.060        24
    39.982     7.878     0.060        24
    40.144     7.823     0.060        24
    40.305     7.768     0.060        24
    40.469     7.712     0.060        24
    40.631     7.656     0.060        24
    40.792     7.600     0.060        24
    14.458    14.937     0.060        24
    14.619    14.893     0.060        24
    14.784    14.849     0.060        24
    14.945    14.806     0.060        24
    15.271    14.719     0.060        24
    15.435    14.675     0.060        24
    15.600    14.631     0.060        24
    15.750    14.591     0.060        24
    15.922    14.545     0.060        24
    16.087    14.500     0.060        24
    16.248    14.457     0.060        24
    16.412    14.412     0.060        24
    16.574    14.368     0.060        24
    16.738    14.323     0.060        24
    16.910    14.277     0.060        24
    17.074    14.233     0.060        24
    17.236    14.189     0.060        24
    17.397    14.146     0.060        24
    17.558    14.103     0.060        24
    17.709    14.063     0.060        24
    17.870    14.020     0.060        24
    18.032    13.976     0.060        24
    18.183    13.936     0.060        24
    18.341    13.893     0.060        24
    18.502    13.850     0.060        24
    18.656    13.809     0.060        24
    18.817    13.766     0.060        24
    18.979    13.723     0.060        24
    19.129    13.682     0.060        24
    19.291    13.639     0.060        24
    19.441    13.598     0.060        24
    19.603    13.555     0.060        24
    19.753    13.515     0.060        24
    19.915    13.471     0.060        24
    20.065    13.431     0.060        24
    20.216    13.391     0.060        24
    20.377    13.347     0.060        24
    20.531    13.305     0.060        24
    20.692    13.262     0.060        24
    20.843    13.221     0.060        24
    21.008    13.176     0.060        24
    21.158    13.135     0.060        24
    21.320    13.091     0.060        24
    21.473    13.049     0.060        24
    21.635    13.005     0.060        24
    21.785    12.965     0.060        24
    21.947    12.921     0.060        24
    22.100    12.880     0.060        24
    22.251    12.839     0.060        24
    22.402    12.798     0.060        24
    22.566    12.754     0.060        24
    22.717    12.713     0.060        24
    22.878    12.669     0.060        24
    23.032    12.628     0.060        24
    23.193    12.584     0.060        24
    23.344    12.543     0.060        24
    23.505    12.499     0.060        24
    23.656    12.458     0.060        24
    23.820    12.413     0.060        24
    23.981    12.369     0.060        24
    24.129    12.330     0.060        24
    24.291    12.286     0.060        24
    24.441    12.246     0.060        24
    24.600    12.203     0.060        24
    24.761    12.159     0.060        24
    24.922    12.115     0.060        24
    25.073    12.074     0.060        24
    25.231    12.031     0.060        24
    25.393    11.987     0.060        24
    25.543    11.946     0.060        24
    25.705    11.902     0.060        24
    25.855    11.861     0.060        24
    26.017    11.817     0.060        24
    26.167    11.776     0.060        24
    26.329    11.732     0.060        24
    26.479    11.692     0.060        24
    26.641    11.647     0.060        24
    26.794    11.606     0.060        24
    26.956    11.562     0.060        24
    27.117    11.518     0.060        24
    27.268    11.478     0.060        24
    27.432    11.434     0.060        24
    27.593    11.391     0.060        24
    27.744    11.351     0.060        24
    27.905    11.308     0.060        24
    28.067    11.265     0.060        24
    28.217    11.225     0.060        24
    28.379    11.181     0.060        24
    28.543    11.138     0.060        24
    28.694    11.097     0.060        24
    28.858    11.053     0.060        24
    29.020    11.010     0.060        24
    29.184    10.967     0.060        24
    29.335    10.926     0.060        24
    29.496    10.884     0.060        24
    29.660    10.840     0.060        24
    29.822    10.797     0.060        24
    29.972    10.757     0.060        24
    30.131    10.714     0.060        24
    30.284    10.673     0.060        24
    30.446    10.629     0.060        24
    30.610    10.584     0.060        24
    30.761    10.543     0.060        24
    30.922    10.499     0.060        24
    31.076    10.458     0.060        24
    31.237    10.413     0.060        24
    31.388    10.370     0.060        24
    31.552    10.324     0.060        24
    31.713    10.278     0.060        24
    31.878    10.232     0.060        24
    32.031    10.188     0.060        24
    32.196    10.141     0.060        24
    32.357    10.096     0.060        24
    32.521    10.049     0.060        24
    32.683    10.003     0.060        24
    32.844     9.957     0.060        24
    33.006     9.911     0.060        24
    33.156     9.868     0.060        24
    33.318     9.822     0.060        24
    33.482     9.777     0.060        24
    33.643     9.732     0.060        24
    33.808     9.687     0.060        24
    33.969     9.642     0.060        24
    34.130     9.598     0.060        24
    34.292     9.554     0.060        24
    34.456     9.508     0.060        24
    34.617     9.464     0.060        24
    34.782     9.419     0.060        24
    34.943     9.374     0.060        24
    35.107     9.329     0.060        24
    35.279     9.282     0.060        24
    35.444     9.236     0.060        24
    35.605     9.192     0.060        24
    35.766     9.148     0.060        24
    35.931     9.102     0.060        24
    36.092     9.058     0.060        24
    35.766     8.714     0.060        40
    35.931     8.669     0.060        40
    36.092     8.624     0.060        40
    36.253     8.580     0.060        40
    36.415     8.536     0.060        40
    36.584     8.489     0.060        40
    36.745     8.445     0.060        40
    36.906     8.400     0.060        40
    37.057     8.357     0.060        40
    37.221     8.307     0.060        40
    37.383     8.257     0.060        40
    37.544     8.207     0.060        40
    37.705     8.157     0.060        40
    37.870     8.106     0.060        40
    38.031     8.054     0.060        40
    38.192     8.002     0.060        40
    38.357     7.949     0.060        40
    38.518     7.896     0.060        40
    38.679     7.842     0.060        40
    38.844     7.786     0.060        40
    14.458    14.508     0.060        40
    14.619    14.465     0.060        40
    14.784    14.420     0.060        40
    14.945    14.377     0.060        40
    15.271    14.290     0.060        40
    15.435    14.246     0.060        40
    15.600    14.202     0.060        40
    15.750    14.162     0.060        40
    15.922    14.116     0.060        40
    16.087    14.072     0.060        40
    16.248    14.028     0.060        40
    16.412    13.983     0.060        40
    16.574    13.939     0.060        40
    16.738    13.894     0.060        40
    16.910    13.847     0.060        40
    17.074    13.803     0.060        40
    17.236    13.760     0.060        40
    17.397    13.716     0.060        40
    17.558    13.673     0.060        40
    17.709    13.633     0.060        40
    17.870    13.590     0.060        40
    18.032    13.547     0.060        40
    18.183    13.506     0.060        40
    18.341    13.464     0.060        40
    18.502    13.420     0.060        40
    18.656    13.379     0.060        40
    18.817    13.336     0.060        40
    18.979    13.293     0.060        40
    19.129    13.253     0.060        40
    19.291    13.209     0.060        40
    19.441    13.169     0.060        40
    19.603    13.125     0.060        40
    19.753    13.084     0.060        40
    19.915    13.041     0.060        40
    20.065    13.001     0.060        40
    20.216    12.960     0.060        40
    20.377    12.917     0.060        40
    20.531    12.875     0.060        40
    20.692    12.831     0.060        40
    20.843    12.790     0.060        40
    21.008    12.745     0.060        40
    21.158    12.704     0.060        40
    21.320    12.660     0.060        40
    21.473    12.619     0.060        40
    21.635    12.575     0.060        40
    21.785    12.534     0.060        40
    21.947    12.491     0.060        40
    22.100    12.449     0.060        40
    22.251    12.408     0.060        40
    22.402    12.367     0.060        40
    22.566    12.323     0.060        40
    22.717    12.282     0.060        40
    22.878    12.239     0.060        40
    23.032    12.197     0.060        40
    23.193    12.153     0.060        40
    23.344    12.112     0.060        40
    23.505    12.068     0.060        40
    23.656    12.027     0.060        40
    23.820    11.982     0.060        40
    23.981    11.938     0.060        40
    24.129    11.899     0.060        40
    24.291    11.855     0.060        40
    24.441    11.815     0.060        40
    24.600    11.772     0.060        40
    24.761    11.729     0.060        40
    24.922    11.685     0.060        40
    25.073    11.643     0.060        40
    25.231    11.600     0.060        40
    25.393    11.556     0.060        40
    25.543    11.515     0.060        40
    25.705    11.470     0.060        40
    25.855    11.429     0.060        40
    26.017    11.385     0.060        40
    26.167    11.344     0.060        40
    26.329    11.300     0.060        40
    26.479    11.260     0.060        40
    26.641    11.216     0.060        40
    26.794    11.174     0.060        40
    26.956    11.130     0.060        40
    27.117    11.087     0.060        40
    27.268    11.046     0.060        40
    27.432    11.002     0.060        40
    27.593    10.959     0.060        40
    27.744    10.919     0.060        40
    27.905    10.876     0.060        40
    28.067    10.833     0.060        40
    28.217    10.793     0.060        40
    28.379    10.750     0.060        40
    28.543    10.706     0.060        40
    28.694    10.665     0.060        40
    28.858    10.621     0.060        40
    29.020    10.578     0.060        40
    29.184    10.534     0.060        40
    29.335    10.494     0.060        40
    29.496    10.451     0.060        40
    29.660    10.408     0.060        40
    29.822    10.365     0.060        40
    29.972    10.325     0.060        40
    30.131    10.282     0.060        40
    30.284    10.241     0.060        40
    30.446    10.197     0.060        40
    30.610    10.153     0.060        40
    30.761    10.112     0.060        40
    30.922    10.068     0.060        40
    31.076    10.025     0.060        40
    31.237     9.981     0.060        40
    31.388     9.939     0.060        40
    31.552     9.893     0.060        40
    31.713     9.847     0.060        40
    31.878     9.800     0.060        40
    32.031     9.756     0.060        40
    32.196     9.709     0.060        40
    32.357     9.663     0.060        40
    32.521     9.616     0.060        40
    32.683     9.570     0.060        40
    32.844     9.525     0.060        40
    33.006     9.480     0.060        40
    33.156     9.438     0.060        40
    33.318     9.392     0.060        40
    33.482     9.346     0.060        40
    33.643     9.301     0.060        40
    33.808     9.254     0.060        40
    33.969     9.209     0.060        40
    34.130     9.165     0.060        40
    34.292     9.120     0.060        40
    34.456     9.075     0.060        40
    34.617     9.030     0.060        40
    34.782     8.985     0.060        40
    34.943     8.941     0.060        40
    35.107     8.896     0.060        40
    35.279     8.848     0.060        40
    35.444     8.803     0.060        40
    35.605     8.758     0.060        40
    54.860     1.000     0.000         0
    59.643     3.693     0.060         5
    59.793     3.731     0.060         5
    59.944     3.769     0.060         5
    60.105     3.811     0.060         5
    60.256     3.849     0.060         5
    60.407     3.887     0.060         5
    60.565     3.926     0.060         5
    60.716     3.964     0.060         5
    60.866     4.002     0.060         5
    61.020     4.040     0.060         5
    61.171     4.078     0.060         5
    61.314     4.114     0.060         5
    61.467     4.153     0.060         5
    61.618     4.190     0.060         5
    61.771     4.228     0.060         5
    61.922     4.265     0.060         5
    62.076     4.302     0.060         5
    62.226     4.339     0.060         5
    62.380     4.376     0.060         5
    62.531     4.412     0.060         5
    62.684     4.449     0.060         5
    62.838     4.485     0.060         5
    62.989     4.521     0.060         5
    63.142     4.558     0.060         5
    63.285     4.592     0.060         5
    63.439     4.629     0.060         5
    63.590     4.665     0.060         5
    63.733     4.698     0.060         5
    63.887     4.734     0.060         5
    64.040     4.769     0.060         5
    64.180     4.802     0.060         5
    64.334     4.838     0.060         5
    64.485     4.872     0.060         5
    64.635     4.906     0.060         5
    64.794     4.942     0.060         5
    64.941     4.974     0.060         5
    65.089     5.007     0.060         5
    65.250     5.043     0.060         5
    65.398     5.075     0.060         5
    65.545     5.107     0.060         5
    65.707     5.142     0.060         5
    65.857     5.175     0.060         5
    66.008     5.207     0.060         5
    66.166     5.241     0.060         5
    66.314     5.272     0.060         5
    66.472     5.305     0.060         5
    66.620     5.335     0.060         5
    66.781     5.368     0.060         5
    66.929     5.399     0.060         5
    67.077     5.430     0.060         5
    67.227     5.461     0.060         5
    67.381     5.493     0.060         5
    67.532     5.524     0.060         5
    67.693     5.556     0.060         5
    67.844     5.587     0.060         5
    67.994     5.617     0.060         5
    68.148     5.647     0.060         5
    68.309     5.679     0.060         5
    68.460     5.708     0.060         5
    68.618     5.739     0.060         5
    68.769     5.768     0.060         5
    68.919     5.796     0.060         5
    69.081     5.826     0.060         5
    69.231     5.853     0.060         5
    69.393     5.883     0.060         5
    69.543     5.911     0.060         5
    69.697     5.940     0.060         5
    69.858     5.969     0.060         5
    70.006     5.996     0.060         5
    70.170     6.026     0.060         5
    70.321     6.053     0.060         5
    70.482     6.081     0.060         5
    70.636     6.108     0.060         5
    70.797     6.136     0.060         5
    70.948     6.162     0.060         5
    71.109     6.190     0.060         5
    71.260     6.216     0.060         5
    71.421     6.244     0.060         5
    71.572     6.270     0.060         5
    71.730     6.296     0.060         5
    73.138     6.518     0.060         5
    73.299     6.544     0.060         5
    73.450     6.568     0.060         5
    73.614     6.595     0.060         5
    73.768     6.620     0.060         5
    73.929     6.647     0.060         5
    74.090     6.673     0.060         5
    74.241     6.696     0.060         5
    74.392     6.721     0.060         5
    74.542     6.746     0.060         5
    74.693     6.771     0.060         5
    74.844     6.796     0.060         5
    74.991     6.820     0.060         5
    75.142     6.845     0.060         5
    75.293     6.869     0.060         5
    75.440     6.893     0.060         5
    75.602     6.920     0.060         5
    75.752     6.944     0.060         5
    75.906     6.970     0.060         5
    76.057     6.994     0.060         5
    76.221     7.021     0.060         5
    76.371     7.045     0.060         5
    76.525     7.071     0.060         5
    76.676     7.095     0.060         5
    76.829     7.120     0.060         5
    76.991     7.147     0.060         5
    77.141     7.171     0.060         5
    77.295     7.196     0.060         5
    77.456     7.222     0.060         5
    77.607     7.247     0.060         5
    77.761     7.272     0.060         5
    77.911     7.296     0.060         5
    78.073     7.322     0.060         5
    78.223     7.346     0.060         5
    78.374     7.370     0.060         5
    78.535     7.396     0.060         5
    78.697     7.422     0.060         5
    78.847     7.446     0.060         5
    79.008     7.473     0.060         5
    79.156     7.497     0.060         5
    79.317     7.524     0.060         5
    79.468     7.548     0.060         5
    79.619     7.573     0.060         5
    79.769     7.598     0.060         5
    79.931     7.624     0.060         5
    80.081     7.649     0.060         5
    80.232     7.674     0.060         5
    80.393     7.698     0.060         5
    80.541     7.723     0.060         5
    80.702     7.749     0.060         5
    80.853     7.774     0.060         5
    81.014     7.801     0.060         5
    81.165     7.827     0.060         5
    81.316     7.852     0.060         5
    81.477     7.879     0.060         5
    81.628     7.905     0.060         5
    81.789     7.933     0.060         5
    81.940     7.959     0.060         5
    82.101     7.986     0.060         5
    82.259     8.013     0.060         5
    82.410     8.039     0.060         5
    82.561     8.065     0.060         5
    82.722     8.092     0.060         5
    82.883     8.120     0.060         5
    83.044     8.147     0.060         5
    83.195     8.173     0.060         5
    83.353     8.200     0.060         5
    83.507     8.226     0.060         5
    83.668     8.252     0.060         5
    83.819     8.276     0.060         5
    83.983     8.302     0.060         5
    84.134     8.326     0.060         5
    84.285     8.350     0.060         5
    84.449     8.376     0.060         5
    84.610     8.401     0.060         5
    84.761     8.425     0.060         5
    84.922     8.450     0.060         5
    85.073     8.473     0.060         5
    85.237     8.498     0.060         5
    85.398     8.523     0.060         5
    85.549     8.546     0.060         5
    85.713     8.571     0.060         5
    85.864     8.593     0.060         5
    86.025     8.617     0.060         5
    86.176     8.639     0.060         5
    86.340     8.662     0.060         5
    86.491     8.684     0.060         5
    86.655     8.708     0.060         5
    86.806     8.729     0.060         5
    86.967     8.753     0.060         5
    87.132     8.777     0.060         5
    87.282     8.799     0.060         5
    87.443     8.823     0.060         5
    87.594     8.846     0.060         5
    87.755     8.870     0.060         5
    87.920     8.895     0.060         5
    88.070     8.917     0.060         5
    88.232     8.941     0.060         5
    88.385     8.964     0.060         5
    88.536     8.987     0.060         5
    88.697     9.011     0.060         5
    88.851     9.034     0.060         5
    89.012     9.057     0.060         5
    89.163     9.079     0.060         5
    89.316     9.101     0.060         5
    89.478     9.125     0.060         5
    89.631     9.147     0.060         5
    89.793     9.170     0.060         5
    89.943     9.192     0.060         5
    90.097     9.215     0.060         5
    90.258     9.238     0.060         5
    90.409     9.261     0.060         5
    90.563     9.284     0.060         5
    90.724     9.308     0.060         5
    90.878     9.331     0.060         5
    91.028     9.354     0.060         5
    91.193     9.378     0.060         5
    91.354     9.402     0.060         5
    91.507     9.425     0.060         5
    91.658     9.448     0.060         5
    91.819     9.473     0.060         5
    91.973     9.496     0.060         5
    92.134     9.520     0.060         5
    92.288     9.543     0.060         5
    92.449     9.568     0.060         5
    92.603     9.591     0.060         5
    92.764     9.615     0.060         5
    93.076     9.661     0.060         5
    93.399     9.709     0.060         5
    93.714     9.755     0.060         5
    94.187     9.823     0.060         5
    94.513     9.869     0.060         5
    94.825     9.912     0.060         5
    94.978     9.934     0.060         5
    95.451     9.998     0.060         5
    95.616    10.020     0.060         5
    96.089    10.083     0.060         5
    96.415    10.122     0.060         5
    96.880    10.176     0.060         5
    97.203    10.214     0.060         5
    97.676    10.285     0.060         5
    98.146    10.344     0.060         5
    98.606    10.402     0.060         5
    99.227    10.480     0.060         5
    99.689    10.513     0.060         5
    99.840    10.512     0.060         5
   100.152    10.510     0.060         5
   100.464    10.530     0.060         5
   100.927    10.528     0.060         5
   101.535    10.558     0.060         5
   101.842    10.580     0.060         5
   102.147    10.611     0.060         5
   102.461    10.643     0.060         5
   102.916    10.668     0.060         5
   103.522    10.739     0.060         5
   103.837    11.059     0.060         5
   104.467    11.138     0.060         5
   104.946    11.198     0.060         5
   105.422    11.258     0.060         5
   105.891    11.317     0.060         5
   106.518    11.396     0.060         5
   106.830    11.435     0.060         5
   107.456    11.514     0.060         5
   107.922    11.572     0.060         5
   108.543    11.650     0.060         5
   109.005    11.708     0.060         5
   109.314    11.747     0.060         5
   109.640    11.788     0.060         5
   110.102    11.846     0.060         5
   110.579    11.906     0.060         5
   110.880    11.944     0.060         5
   111.192    11.846     0.060         5
   111.504    11.893     0.060         5
   111.816    11.941     0.060         5
   112.128    11.988     0.060         5
   112.440    12.035     0.060         5
   112.587    12.057     0.060         5
   112.899    12.105     0.060         5
   113.351    12.173     0.060         5
   113.671    12.222     0.060         5
   113.996    12.271     0.060         5
   114.308    12.318     0.060         5
   114.634    12.375     0.060         5
   114.956    12.434     0.060         5
   115.279    12.493     0.060         5
   115.763    12.580     0.060         5
   116.085    12.639     0.060         5
   116.244    12.669     0.060         5
   116.556    12.726     0.060         5
   118.131    12.990     0.060         5
   119.406    13.195     0.060         5
   120.535    13.372     0.060         5
   121.670    13.546     0.060         5
   122.310    13.653     0.060         5
   122.633    13.707     0.060         5
    66.314     5.672     0.060        14
    66.472     5.704     0.060        14
    66.620     5.734     0.060        14
    66.781     5.767     0.060        14
    66.929     5.797     0.060        14
    67.077     5.828     0.060        14
    67.227     5.859     0.060        14
    67.381     5.890     0.060        14
    67.532     5.920     0.060        14
    67.693     5.953     0.060        14
    67.844     5.983     0.060        14
    67.994     6.013     0.060        14
    68.148     6.043     0.060        14
    68.309     6.074     0.060        14
    68.460     6.103     0.060        14
    68.618     6.133     0.060        14
    68.769     6.162     0.060        14
    68.919     6.190     0.060        14
    69.081     6.219     0.060        14
    69.231     6.246     0.060        14
    69.393     6.276     0.060        14
    69.543     6.304     0.060        14
    69.697     6.332     0.060        14
    69.858     6.361     0.060        14
    70.006     6.388     0.060        14
    70.170     6.417     0.060        14
    70.321     6.444     0.060        14
    70.482     6.472     0.060        14
    70.636     6.498     0.060        14
    70.797     6.526     0.060        14
    70.948     6.552     0.060        14
    71.109     6.580     0.060        14
    71.260     6.606     0.060        14
    71.421     6.633     0.060        14
    71.572     6.659     0.060        14
    72.987     6.881     0.060        14
    73.138     6.905     0.060        14
    73.299     6.931     0.060        14
    73.450     6.956     0.060        14
    73.614     6.983     0.060        14
    73.768     7.008     0.060        14
    73.929     7.034     0.060        14
    74.090     7.060     0.060        14
    74.241     7.084     0.060        14
    74.392     7.109     0.060        14
    74.542     7.134     0.060        14
    74.693     7.158     0.060        14
    74.844     7.183     0.060        14
    74.991     7.207     0.060        14
    75.142     7.231     0.060        14
    75.293     7.256     0.060        14
    75.440     7.280     0.060        14
    75.602     7.306     0.060        14
    75.752     7.331     0.060        14
    75.906     7.356     0.060        14
    76.057     7.380     0.060        14
    76.221     7.407     0.060        14
    76.371     7.431     0.060        14
    76.525     7.456     0.060        14
    76.676     7.481     0.060        14
    76.829     7.506     0.060        14
    76.991     7.532     0.060        14
    77.141     7.557     0.060        14
    77.295     7.582     0.060        14
    77.456     7.608     0.060        14
    77.607     7.632     0.060        14
    77.761     7.657     0.060        14
    77.911     7.682     0.060        14
    78.073     7.708     0.060        14
    78.223     7.733     0.060        14
    78.374     7.757     0.060        14
    78.535     7.783     0.060        14
    78.697     7.810     0.060        14
    78.847     7.834     0.060        14
    79.008     7.860     0.060        14
    79.156     7.884     0.060        14
    79.317     7.910     0.060        14
    79.468     7.935     0.060        14
    79.619     7.960     0.060        14
    79.769     7.984     0.060        14
    79.931     8.010     0.060        14
    80.081     8.035     0.060        14
    80.232     8.059     0.060        14
    80.393     8.086     0.060        14
    80.541     8.110     0.060        14
    80.702     8.137     0.060        14
    80.853     8.162     0.060        14
    81.014     8.188     0.060        14
    81.165     8.213     0.060        14
    81.316     8.238     0.060        14
    81.477     8.265     0.060        14
    81.628     8.289     0.060        14
    81.789     8.316     0.060        14
    81.940     8.341     0.060        14
    82.101     8.367     0.060        14
    82.259     8.394     0.060        14
    82.410     8.418     0.060        14
    82.561     8.443     0.060        14
    82.722     8.470     0.060        14
    82.883     8.496     0.060        14
    83.044     8.523     0.060        14
    83.195     8.548     0.060        14
    83.353     8.574     0.060        14
    83.507     8.599     0.060        14
    83.668     8.626     0.060        14
    83.819     8.651     0.060        14
    83.983     8.678     0.060        14
    84.134     8.703     0.060        14
    84.285     8.728     0.060        14
    84.449     8.755     0.060        14
    84.610     8.781     0.060        14
    84.761     8.806     0.060        14
    84.922     8.833     0.060        14
    85.073     8.858     0.060        14
    85.237     8.885     0.060        14
    85.398     8.911     0.060        14
    85.549     8.935     0.060        14
    85.713     8.959     0.060        14
    85.864     8.981     0.060        14
    86.025     9.004     0.060        14
    86.176     9.026     0.060        14
    86.340     9.050     0.060        14
    86.491     9.071     0.060        14
    86.655     9.095     0.060        14
    86.806     9.117     0.060        14
    86.967     9.140     0.060        14
    87.132     9.164     0.060        14
    87.282     9.187     0.060        14
    87.443     9.211     0.060        14
    87.594     9.233     0.060        14
    87.755     9.257     0.060        14
    87.920     9.281     0.060        14
    88.070     9.303     0.060        14
    88.232     9.327     0.060        14
    88.385     9.350     0.060        14
    88.536     9.372     0.060        14
    88.697     9.396     0.060        14
    88.851     9.419     0.060        14
    89.012     9.442     0.060        14
    89.163     9.465     0.060        14
    89.316     9.487     0.060        14
    89.478     9.511     0.060        14
    89.631     9.534     0.060        14
    89.793     9.558     0.060        14
    89.943     9.579     0.060        14
    90.097     9.601     0.060        14
    90.258     9.625     0.060        14
    90.409     9.648     0.060        14
    90.563     9.671     0.060        14
    90.724     9.695     0.060        14
    90.878     9.718     0.060        14
    91.028     9.740     0.060        14
    91.193     9.765     0.060        14
    91.354     9.789     0.060        14
    91.507     9.812     0.060        14
    91.658     9.835     0.060        14
    91.819     9.859     0.060        14
    91.973     9.882     0.060        14
    92.134     9.906     0.060        14
    92.288     9.929     0.060        14
    92.449     9.954     0.060        14
    92.603     9.977     0.060        14
    92.764    10.001     0.060        14
    92.915    10.024     0.060        14
    93.076    10.048     0.060        14
    93.237    10.072     0.060        14
    93.399    10.096     0.060        14
    93.549    10.118     0.060        14
    93.714    10.142     0.060        14
    93.875    10.165     0.060        14
    94.036    10.188     0.060        14
    94.187    10.210     0.060        14
    94.351    10.233     0.060        14
    94.513    10.256     0.060        14
    94.663    10.277     0.060        14
    94.825    10.299     0.060        14
    94.978    10.321     0.060        14
    95.140    10.343     0.060        14
    95.301    10.366     0.060        14
    95.451    10.387     0.060        14
    95.616    10.409     0.060        14
    95.777    10.428     0.060        14
    95.938    10.442     0.060        14
    96.089    10.455     0.060        14
    96.250    10.469     0.060        14
    96.415    10.484     0.060        14
    96.565    10.497     0.060        14
    96.727    10.511     0.060        14
    96.880    10.524     0.060        14
    97.042    10.538     0.060        14
    97.203    10.552     0.060        14
    97.353    10.565     0.060        14
    97.515    10.579     0.060        14
    97.676    10.593     0.060        14
    97.827    10.606     0.060        14
    97.988    10.620     0.060        14
    98.146    10.633     0.060        14
    98.297    10.646     0.060        14
    98.458    10.660     0.060        14
    98.606    10.673     0.060        14
    98.767    10.687     0.060        14
    98.918    10.700     0.060        14
    99.068    10.713     0.060        14
    99.227    10.727     0.060        14
    99.377    10.740     0.060        14
    99.539    10.754     0.060        14
    99.689    10.767     0.060        14
    99.840    10.780     0.060        14
   100.001    10.794     0.060        14
   100.152    10.807     0.060        14
   100.313    10.821     0.060        14
   100.464    10.834     0.060        14
   100.615    10.847     0.060        14
   100.776    10.861     0.060        14
   100.927    10.874     0.060        14
   101.080    10.887     0.060        14
   101.231    10.900     0.060        14
   101.384    10.913     0.060        14
   101.535    10.926     0.060        14
   101.689    10.940     0.060        14
   101.842    10.953     0.060        14
   101.993    10.966     0.060        14
   102.147    10.979     0.060        14
   102.297    10.992     0.060        14
   102.461    11.011     0.060        14
   102.612    11.024     0.060        14
   102.763    11.036     0.060        14
   102.916    11.048     0.060        14
   103.067    11.069     0.060        14
   103.218    11.109     0.060        14
   103.371    11.129     0.060        14
   103.522    11.149     0.060        14
   103.683    11.170     0.060        14
   103.837    11.190     0.060        14
   103.987    11.209     0.060        14
   104.152    11.230     0.060        14
   104.313    11.251     0.060        14
   104.467    11.271     0.060        14
   104.628    11.292     0.060        14
   104.792    11.313     0.060        14
   104.946    11.333     0.060        14
   105.107    11.354     0.060        14
   105.258    11.374     0.060        14
   105.422    11.395     0.060        14
   105.573    11.414     0.060        14
   105.726    11.434     0.060        14
   105.891    11.456     0.060        14
   106.041    11.475     0.060        14
   106.203    11.496     0.060        14
   106.367    11.517     0.060        14
   106.518    11.537     0.060        14
   106.679    11.558     0.060        14
   106.830    11.577     0.060        14
   106.991    11.598     0.060        14
   107.145    11.618     0.060        14
   107.295    11.638     0.060        14
   107.456    11.658     0.060        14
   107.607    11.678     0.060        14
   107.768    11.699     0.060        14
   107.922    11.719     0.060        14
   108.083    11.740     0.060        14
   108.234    11.762     0.060        14
   108.395    11.789     0.060        14
   108.543    11.813     0.060        14
   108.693    11.838     0.060        14
   108.855    11.865     0.060        14
   109.005    11.890     0.060        14
   109.167    11.917     0.060        14
   109.314    11.941     0.060        14
   109.479    11.968     0.060        14
   109.640    11.995     0.060        14
   109.791    12.020     0.060        14
   109.952    12.047     0.060        14
   110.102    12.071     0.060        14
   110.264    12.098     0.060        14
   110.417    12.123     0.060        14
   110.579    12.149     0.060        14
   110.729    12.170     0.060        14
   110.880    12.191     0.060        14
   111.041    12.214     0.060        14
   111.192    12.235     0.060        14
   111.353    12.258     0.060        14
   111.504    12.279     0.060        14
   111.665    12.302     0.060        14
   111.816    12.323     0.060        14
   111.977    12.346     0.060        14
   112.128    12.367     0.060        14
   112.289    12.390     0.060        14
   112.440    12.411     0.060        14
   112.587    12.432     0.060        14
   112.749    12.455     0.060        14
   112.899    12.476     0.060        14
   113.050    12.497     0.060        14
   113.200    12.518     0.060        14
   113.351    12.540     0.060        14
   113.509    12.562     0.060        14
   113.671    12.585     0.060        14
   113.832    12.610     0.060        14
   113.996    12.637     0.060        14
   114.147    12.661     0.060        14
   114.308    12.687     0.060        14
   114.469    12.714     0.060        14
   114.634    12.740     0.060        14
   114.795    12.766     0.060        14
   114.956    12.793     0.060        14
   115.118    12.819     0.060        14
   115.279    12.845     0.060        14
   115.440    12.871     0.060        14
   115.602    12.897     0.060        14
   115.763    12.923     0.060        14
    74.090     9.559     0.060        24
    74.991     9.811     0.060        24
    75.440     9.937     0.060        24
    75.752    10.024     0.060        24
    76.221    10.153     0.060        24
    76.676    10.278     0.060        24
    76.829    10.320     0.060        24
    77.295    10.448     0.060        24
    77.761    10.576     0.060        24
    78.073    10.661     0.060        24
    78.223    10.703     0.060        24
    78.697    10.833     0.060        24
    78.847    10.874     0.060        24
    79.317    11.003     0.060        24
    79.619    11.085     0.060        24
    80.541    11.336     0.060        24
    81.165    11.505     0.060        24
    81.477    11.590     0.060        24
    81.789    11.676     0.060        24
    82.101    11.763     0.060        24
    82.883    11.982     0.060        24
    83.668    12.202     0.060        24
    84.449    12.419     0.060        24
    84.610    12.464     0.060        24
    85.073    12.591     0.060        24
    85.549    12.719     0.060        24
    86.025    12.846     0.060        24
    86.176    12.885     0.060        24
    86.655    13.010     0.060        24
    87.132    13.132     0.060        24
    87.443    13.211     0.060        24
    87.755    13.293     0.060        24
    88.070    13.376     0.060        24
    91.193    14.197     0.060        24
    91.507    14.280     0.060        24
    91.973    14.404     0.060        24
    92.288    14.487     0.060        24
    92.764    14.612     0.060        24
    93.399    14.778     0.060        24
    93.875    14.901     0.060        24
    94.351    15.022     0.060        24
    95.140    15.221     0.060        24
    95.451    15.299     0.060        24
   107.145    17.884     0.060        24
   108.083    18.090     0.060        24
   108.855    18.286     0.060        24
   110.102    18.601     0.060        24
   111.192    18.875     0.060        24
   112.440    19.189     0.060        24
   113.351    19.420     0.060        24
   114.308    19.671     0.060        24
   115.118    19.882     0.060        24
   115.279    19.924     0.060        24
   115.924    20.094     0.060        24
   116.394    20.220     0.060        24
   116.556    20.263     0.060        24
   116.714    20.305     0.060        24
   116.875    20.348     0.060        24
   117.026    20.388     0.060        24
   117.187    20.431     0.060        24
   117.345    20.474     0.060        24
   117.496    20.514     0.060        24
   117.657    20.557     0.060        24
   117.808    20.597     0.060        24
   117.969    20.640     0.060        24
   118.131    20.683     0.060        24
   118.292    20.726     0.060        24
   118.443    20.767     0.060        24
   118.604    20.810     0.060        24
   118.765    20.853     0.060        24
   118.929    20.897     0.060        24
   119.080    20.937     0.060        24
   119.241    20.980     0.060        24
   119.406    21.025     0.060        24
   119.567    21.068     0.060        24
   119.728    21.111     0.060        24
   119.890    21.154     0.060        24
   120.051    21.198     0.060        24
   120.212    21.241     0.060        24
   120.373    21.285     0.060        24
   120.535    21.329     0.060        24
   120.696    21.372     0.060        24
   120.857    21.416     0.060        24
   121.022    21.461     0.060        24
   121.183    21.504     0.060        24
   121.344    21.548     0.060        24
   123.421    22.120     0.060        24
   124.521    22.408     0.060        24
   125.635    22.696     0.060        24
   126.721    22.977     0.060        24
   127.654    23.219     0.060        24
   129.411    23.672     0.060        24
   130.213    23.880     0.060        24
   130.692    24.006     0.060        24
    74.090     9.128     0.060        40
    74.991     9.380     0.060        40
    75.440     9.505     0.060        40
    75.752     9.592     0.060        40
    76.221     9.722     0.060        40
    76.676     9.848     0.060        40
    76.829     9.890     0.060        40
    77.295    10.018     0.060        40
    77.761    10.146     0.060        40
    78.073    10.231     0.060        40
    78.223    10.273     0.060        40
    78.697    10.402     0.060        40
    78.847    10.443     0.060        40
    79.317    10.572     0.060        40
    79.619    10.654     0.060        40
    80.541    10.904     0.060        40
    81.165    11.073     0.060        40
    81.477    11.159     0.060        40
    81.789    11.246     0.060        40
    82.101    11.332     0.060        40
    82.883    11.550     0.060        40
    83.668    11.770     0.060        40
    84.449    11.988     0.060        40
    84.610    12.032     0.060        40
    85.073    12.159     0.060        40
    85.549    12.288     0.060        40
    86.025    12.415     0.060        40
    86.176    12.455     0.060        40
    86.655    12.579     0.060        40
    87.132    12.701     0.060        40
    87.443    12.780     0.060        40
    87.755    12.862     0.060        40
    88.070    12.944     0.060        40
    91.193    13.767     0.060        40
    91.507    13.851     0.060        40
    91.973    13.974     0.060        40
    92.288    14.058     0.060        40
    92.764    14.183     0.060        40
    93.399    14.349     0.060        40
    93.875    14.472     0.060        40
    94.351    14.593     0.060        40
    95.140    14.792     0.060        40
    95.451    14.870     0.060        40
   107.145    17.530     0.060        40
   108.083    17.740     0.060        40
   108.855    17.913     0.060        40
   110.102    18.192     0.060        40
   111.192    18.452     0.060        40
   112.440    18.769     0.060        40
   113.351    19.000     0.060        40
   114.308    19.243     0.060        40
   115.118    19.455     0.060        40
   115.279    19.498     0.060        40
   115.924    19.671     0.060        40
   116.394    19.796     0.060        40
   116.556    19.840     0.060        40
   116.714    19.882     0.060        40
   116.875    19.925     0.060        40
   117.026    19.965     0.060        40
   117.187    20.008     0.060        40
   117.345    20.050     0.060        40
   117.496    20.091     0.060        40
   117.657    20.134     0.060        40
   117.808    20.174     0.060        40
   117.969    20.217     0.060        40
   118.131    20.260     0.060        40
   118.292    20.303     0.060        40
   118.443    20.344     0.060        40
   118.604    20.387     0.060        40
   118.765    20.430     0.060        40
   118.929    20.474     0.060        40
   119.080    20.514     0.060        40
   119.241    20.557     0.060        40
   119.406    20.601     0.060        40
   119.567    20.644     0.060        40
   119.728    20.687     0.060        40
   119.890    20.730     0.060        40
   120.051    20.773     0.060        40
   120.212    20.816     0.060        40
   120.373    20.859     0.060        40
   120.535    20.902     0.060        40
   120.696    20.945     0.060        40
   120.857    20.988     0.060        40
   121.022    21.032     0.060        40
   121.183    21.074     0.060        40
   121.344    21.118     0.060        40
   123.421    21.695     0.060        40
   124.521    21.989     0.060        40
   125.635    22.277     0.060        40
   126.721    22.554     0.060        40
   127.654    22.794     0.060        40
   129.411    23.249     0.060        40
   130.213    23.458     0.060        40
   130.692    23.583     0.060        40
     0.000     0.000     0.000        -1
