OBS05 0.43  0.36   387.558
OBS06 0.33  0.30   384.545
OBS11 0.35  0.28   369.535
OBS12 0.28  0.28   366.483
OBS14 0.40  0.36   360.428
OBS15 0.28  0.28   357.449
OBS16 0.28  0.28   354.535
OBS17 0.44  0.40   351.584
OBS18 0.43  0.40   348.590
OBS19 0.42  0.36   345.626
OBS20 0.44  0.36   342.678
OBS22 0.44  0.36   330.766
OBS23 0.44  0.36   324.769
OBS24 0.40  0.36   318.781
OBS26 0.43  0.36   306.784
OBS27 0.43  0.36   300.793
OBS28 0.43  0.38   294.793
OBS30 0.43  0.40   282.729
OBS31 0.43  0.40   276.757
OBS32 0.43  0.40   270.805
OBS33 0.42  0.36   264.830
OBS35 0.43  0.36   252.812
OBS36 0.43  0.36   246.787
OBS37 0.44  0.38   240.757
OBS38 0.38  0.36   234.665
OBS40 0.44  0.36   222.699
OBS42 0.44  0.43   212.751
OBS44 0.28  0.28   156.702
OBS45 0.36  0.36   150.731
OBS46 0.36  0.36   144.754
OBS47 0.42  0.39   138.753
OBS48 0.38  0.36   132.785
OBS50 0.36  0.36   120.860
OBS51 0.44  0.39   114.812
OBS52 0.44  0.41   108.860
OBS54 0.41  0.36   96.859
OBS55 0.44  0.40   90.860
OBS56 0.42  0.38   84.860
OBS57 0.38  0.36   78.859
OBS58 0.43  0.36   72.860
OBS60 0.40  0.36   60.860
OBS61 0.44  0.40   54.860
OBS62 0.42  0.36   48.860
OBS63 0.42  0.36   42.860
OBS64 0.44  0.38   36.848
OBS65 0.44  0.38   30.818
